INSERT INTO `ectwfxdb`.`ecs_sessions` (sesskey, expiry, ip, data) VALUES ('9645d9a8abc3e21c85a7f29f5eab59a7', '1491563239', '0.0.0.0', 'a:0:{}')

SELECT code, value FROM `ectwfxdb`.`ecs_shop_config` WHERE parent_id > 0

UPDATE `ectwfxdb`.`ecs_sessions` SET expiry = '1491563239', ip = '0.0.0.0', userid = '0', adminid = '0', user_name='0', user_rank='0', discount='0', email='0', data = 'a:0:{}' WHERE sesskey = '9645d9a8abc3e21c85a7f29f5eab59a7' LIMIT 1

DELETE FROM `ectwfxdb`.`ecs_sessions_data` WHERE expiry < 1491561439

SELECT userid, adminid, user_name, user_rank, discount, email, data, expiry FROM `ectwfxdb`.`ecs_sessions` WHERE sesskey = '9645d9a8abc3e21c85a7f29f5eab59a7'

SELECT code, value FROM `ectwfxdb`.`ecs_shop_config` WHERE parent_id > 0

DELETE FROM `ectwfxdb`.`ecs_sessions_data` WHERE expiry < 1491561439

SELECT userid, adminid, user_name, user_rank, discount, email, data, expiry FROM `ectwfxdb`.`ecs_sessions` WHERE sesskey = '9645d9a8abc3e21c85a7f29f5eab59a7'

SELECT code, value FROM `ectwfxdb`.`ecs_shop_config` WHERE parent_id > 0

SELECT `ec_salt` FROM `ectwfxdb`.`ecs_admin_user`WHERE user_name = 'admin'

SELECT user_id, user_name, password, last_login, action_list, last_login,suppliers_id,ec_salt FROM `ectwfxdb`.`ecs_admin_user` WHERE user_name = 'admin' AND password = '4a5a006bc05260e8ecdb5cdf13f3a406'

UPDATE `ectwfxdb`.`ecs_admin_user` SET last_login='1491534444', last_ip='0.0.0.0' WHERE user_id='1'

SELECT DISTINCT session_id FROM `ectwfxdb`.`ecs_cart` AS c, `ectwfxdb`.`ecs_sessions` AS s WHERE c.session_id = s.sesskey 

DELETE FROM `ectwfxdb`.`ecs_cart` WHERE session_id NOT  IN ('') 

UPDATE `ectwfxdb`.`ecs_sessions` SET expiry = '1491563244', ip = '0.0.0.0', userid = '0', adminid = '1', user_name='0', user_rank='0', discount='0', email='0', data = 'a:5:{s:10:\"admin_name\";s:5:\"admin\";s:11:\"action_list\";s:3:\"all\";s:10:\"last_check\";s:1:\"0\";s:12:\"suppliers_id\";s:1:\"0\";s:10:\"shop_guide\";b:1;}' WHERE sesskey = '9645d9a8abc3e21c85a7f29f5eab59a7' LIMIT 1

DELETE FROM `ectwfxdb`.`ecs_sessions` WHERE expiry < 1491561444

SELECT userid, adminid, user_name, user_rank, discount, email, data, expiry FROM `ectwfxdb`.`ecs_sessions` WHERE sesskey = '9645d9a8abc3e21c85a7f29f5eab59a7'

SELECT code, value FROM `ectwfxdb`.`ecs_shop_config` WHERE parent_id > 0

DELETE FROM `ectwfxdb`.`ecs_sessions` WHERE expiry < 1491561444

SELECT userid, adminid, user_name, user_rank, discount, email, data, expiry FROM `ectwfxdb`.`ecs_sessions` WHERE sesskey = '9645d9a8abc3e21c85a7f29f5eab59a7'

SELECT code, value FROM `ectwfxdb`.`ecs_shop_config` WHERE parent_id > 0

UPDATE `ectwfxdb`.`ecs_sessions` SET expiry = '1491563245', ip = '0.0.0.0', userid = '0', adminid = '1', user_name='0', user_rank='0', discount='0', email='0', data = 'a:4:{s:10:\"admin_name\";s:5:\"admin\";s:11:\"action_list\";s:3:\"all\";s:10:\"last_check\";s:1:\"0\";s:12:\"suppliers_id\";s:1:\"0\";}' WHERE sesskey = '9645d9a8abc3e21c85a7f29f5eab59a7' LIMIT 1

SELECT userid, adminid, user_name, user_rank, discount, email, data, expiry FROM `ectwfxdb`.`ecs_sessions` WHERE sesskey = '9645d9a8abc3e21c85a7f29f5eab59a7'

SELECT code, value FROM `ectwfxdb`.`ecs_shop_config` WHERE parent_id > 0

SELECT region_id, region_name FROM `ectwfxdb`.`ecs_region` WHERE region_type = '0' AND parent_id = '0'

SELECT region_id, region_name FROM `ectwfxdb`.`ecs_region` WHERE region_type = '1' AND parent_id = '1'

SELECT region_id, region_name FROM `ectwfxdb`.`ecs_region` WHERE region_type = '2' AND parent_id = '2'

SELECT value from `ectwfxdb`.`ecs_shop_config` WHERE code='shop_name'

SELECT value from `ectwfxdb`.`ecs_shop_config` WHERE code='shop_title'

DELETE FROM `ectwfxdb`.`ecs_sessions_data` WHERE expiry < 1491561445

SELECT userid, adminid, user_name, user_rank, discount, email, data, expiry FROM `ectwfxdb`.`ecs_sessions` WHERE sesskey = '9645d9a8abc3e21c85a7f29f5eab59a7'

SELECT code, value FROM `ectwfxdb`.`ecs_shop_config` WHERE parent_id > 0

UPDATE `ectwfxdb`.`ecs_sessions` SET expiry = '1491563263', ip = '0.0.0.0', userid = '0', adminid = '1', user_name='0', user_rank='0', discount='0', email='0', data = 'a:4:{s:10:\"admin_name\";s:5:\"admin\";s:11:\"action_list\";s:3:\"all\";s:10:\"last_check\";s:1:\"0\";s:12:\"suppliers_id\";s:1:\"0\";}' WHERE sesskey = '9645d9a8abc3e21c85a7f29f5eab59a7' LIMIT 1

DELETE FROM `ectwfxdb`.`ecs_sessions_data` WHERE expiry < 1491561463

SELECT userid, adminid, user_name, user_rank, discount, email, data, expiry FROM `ectwfxdb`.`ecs_sessions` WHERE sesskey = '9645d9a8abc3e21c85a7f29f5eab59a7'

SELECT code, value FROM `ectwfxdb`.`ecs_shop_config` WHERE parent_id > 0

SELECT userid, adminid, user_name, user_rank, discount, email, data, expiry FROM `ectwfxdb`.`ecs_sessions` WHERE sesskey = '9645d9a8abc3e21c85a7f29f5eab59a7'

SELECT code, value FROM `ectwfxdb`.`ecs_shop_config` WHERE parent_id > 0

UPDATE `ectwfxdb`.`ecs_shop_config` SET value = 'ECTouch微商城' WHERE code = 'shop_name'

UPDATE `ectwfxdb`.`ecs_shop_config` SET value = 'ECTouch微商城' WHERE code = 'shop_title'

UPDATE `ectwfxdb`.`ecs_shop_config`SET value = '1' WHERE code='shop_country'

UPDATE `ectwfxdb`.`ecs_shop_config`SET value = '2' WHERE code='shop_province'

SELECT COUNT(*) FROM `ectwfxdb`.`ecs_payment` WHERE pay_code = 'cod'

INSERT INTO `ectwfxdb`.`ecs_payment` (pay_code, pay_name, pay_desc, pay_config, is_cod, pay_fee, enabled, is_online)VALUES ('cod', '货到付款', '开通城市请详见网站公告。', 'a:0:{}', '0', '0', '1', '1')

UPDATE `ectwfxdb`.`ecs_sessions` SET expiry = '1491563274', ip = '0.0.0.0', userid = '0', adminid = '1', user_name='0', user_rank='0', discount='0', email='0', data = 'a:4:{s:10:\"admin_name\";s:5:\"admin\";s:11:\"action_list\";s:3:\"all\";s:10:\"last_check\";s:1:\"0\";s:12:\"suppliers_id\";s:1:\"0\";}' WHERE sesskey = '9645d9a8abc3e21c85a7f29f5eab59a7' LIMIT 1

DELETE FROM `ectwfxdb`.`ecs_sessions` WHERE expiry < 1491561474

SELECT userid, adminid, user_name, user_rank, discount, email, data, expiry FROM `ectwfxdb`.`ecs_sessions` WHERE sesskey = '9645d9a8abc3e21c85a7f29f5eab59a7'

SELECT code, value FROM `ectwfxdb`.`ecs_shop_config` WHERE parent_id > 0

UPDATE `ectwfxdb`.`ecs_sessions` SET expiry = '1491563274', ip = '0.0.0.0', userid = '0', adminid = '1', user_name='0', user_rank='0', discount='0', email='0', data = 'a:4:{s:10:\"admin_name\";s:5:\"admin\";s:11:\"action_list\";s:3:\"all\";s:10:\"last_check\";i:1491534474;s:12:\"suppliers_id\";s:1:\"0\";}' WHERE sesskey = '9645d9a8abc3e21c85a7f29f5eab59a7' LIMIT 1

DELETE FROM `ectwfxdb`.`ecs_sessions_data` WHERE expiry < 1491561474

DELETE FROM `ectwfxdb`.`ecs_sessions` WHERE expiry < 1491561474

SELECT userid, adminid, user_name, user_rank, discount, email, data, expiry FROM `ectwfxdb`.`ecs_sessions` WHERE sesskey = '9645d9a8abc3e21c85a7f29f5eab59a7'

SELECT code, value FROM `ectwfxdb`.`ecs_shop_config` WHERE parent_id > 0

SELECT message_id, sender_id, receiver_id, sent_time, readed, deleted, title, message, user_name FROM `ectwfxdb`.`ecs_admin_message` AS a, `ectwfxdb`.`ecs_admin_user` AS b WHERE a.sender_id = b.user_id AND a.receiver_id = '1' AND a.readed = 0 AND deleted = 0 ORDER BY a.sent_time DESC

SELECT pay_id, is_cod FROM `ectwfxdb`.`ecs_payment` WHERE enabled = 1

SELECT COUNT(*) FROM `ectwfxdb`.`ecs_order_info` WHERE 1  AND order_status  IN ('1','5')  AND shipping_status  IN ('1','2')  AND pay_status  IN ('2','1')  

SELECT pay_id FROM `ectwfxdb`.`ecs_payment` WHERE is_cod = 1

SELECT COUNT(*) FROM `ectwfxdb`.`ecs_order_info` WHERE 1  AND   order_status  IN ('1','5','6')  AND   shipping_status  IN ('0','3','5')  AND ( pay_status  IN ('2','1')  OR pay_id  IN ('') ) 

SELECT pay_id FROM `ectwfxdb`.`ecs_payment` WHERE is_cod = 0

SELECT COUNT(*) FROM `ectwfxdb`.`ecs_order_info` WHERE 1  AND   order_status  IN ('1','5')  AND   pay_status = '0' AND ( shipping_status  IN ('1','2')  OR pay_id  IN ('1') ) 

SELECT COUNT(*) FROM `ectwfxdb`.`ecs_order_info` WHERE 1  AND order_status = '0' 

SELECT COUNT(*) FROM `ectwfxdb`.`ecs_order_info` WHERE  shipping_status=4

SELECT COUNT(*) AS oCount, IFNULL(SUM(order_amount), 0) AS oAmount FROM `ectwfxdb`.`ecs_order_info`

SELECT COUNT(*) FROM `ectwfxdb`.`ecs_goods` WHERE is_delete = 0 AND is_alone_sale = 1 AND is_real = 1

SELECT COUNT(*) FROM `ectwfxdb`.`ecs_goods` WHERE is_delete = 0 AND is_alone_sale = 1 AND is_real=0 AND extension_code='virtual_card'

SELECT COUNT(*) FROM `ectwfxdb`.`ecs_goods` WHERE is_delete = 0 AND is_new = 1 AND is_real = 1

SELECT COUNT(*) FROM `ectwfxdb`.`ecs_goods` WHERE is_delete = 0 AND is_new = 1 AND is_real=0 AND extension_code='virtual_card'

SELECT COUNT(*) FROM `ectwfxdb`.`ecs_goods` WHERE is_delete = 0 AND is_best = 1 AND is_real = 1

SELECT COUNT(*) FROM `ectwfxdb`.`ecs_goods` WHERE is_delete = 0 AND is_best = 1 AND is_real=0 AND extension_code='virtual_card'

SELECT COUNT(*) FROM `ectwfxdb`.`ecs_goods` WHERE is_delete = 0 AND is_hot = 1 AND is_real = 1

SELECT COUNT(*) FROM `ectwfxdb`.`ecs_goods` WHERE is_delete = 0 AND is_hot = 1 AND is_real=0 AND extension_code='virtual_card'

SELECT COUNT(*) FROM `ectwfxdb`.`ecs_goods` WHERE is_delete = 0 AND promote_price>0 AND promote_start_date <= '1491534498' AND promote_end_date >= '1491534498' AND is_real = 1

SELECT COUNT(*) FROM `ectwfxdb`.`ecs_goods` WHERE is_delete = 0 AND promote_price>0 AND promote_start_date <= '1491534498' AND promote_end_date >= '1491534498' AND is_real=0 AND extension_code='virtual_card'

SELECT COUNT(*) FROM `ectwfxdb`.`ecs_goods` WHERE is_delete = 0 AND goods_number <= warn_number AND is_real = 1

SELECT COUNT(*) FROM `ectwfxdb`.`ecs_goods` WHERE is_delete = 0 AND goods_number <= warn_number AND is_real=0 AND extension_code='virtual_card'

SELECT COUNT(*) FROM `ectwfxdb`.`ecs_stats` WHERE access_time > 1491465600

SELECT count(*) FROM `ectwfxdb`.`ecs_sessions`

SELECT COUNT(f.msg_id) FROM `ectwfxdb`.`ecs_feedback` AS f LEFT JOIN `ectwfxdb`.`ecs_feedback` AS r ON r.parent_id=f.msg_id WHERE f.parent_id=0 AND ISNULL(r.msg_id) 

SELECT COUNT(*) FROM `ectwfxdb`.`ecs_comment` WHERE status = 0 AND parent_id = 0

SELECT COUNT(*) FROM `ectwfxdb`.`ecs_booking_goods` WHERE is_dispose = 0

SELECT COUNT(*) FROM `ectwfxdb`.`ecs_user_account` WHERE process_type = 1 AND is_paid = 0 

UPDATE `ectwfxdb`.`ecs_sessions` SET expiry = '1491563298', ip = '0.0.0.0', userid = '0', adminid = '1', user_name='0', user_rank='0', discount='0', email='0', data = 'a:4:{s:10:\"admin_name\";s:5:\"admin\";s:11:\"action_list\";s:3:\"all\";s:10:\"last_check\";i:1491534474;s:12:\"suppliers_id\";s:1:\"0\";}' WHERE sesskey = '9645d9a8abc3e21c85a7f29f5eab59a7' LIMIT 1

DELETE FROM `ectwfxdb`.`ecs_sessions` WHERE expiry < 1491561498

SELECT userid, adminid, user_name, user_rank, discount, email, data, expiry FROM `ectwfxdb`.`ecs_sessions` WHERE sesskey = '9645d9a8abc3e21c85a7f29f5eab59a7'

SELECT code, value FROM `ectwfxdb`.`ecs_shop_config` WHERE parent_id > 0

SELECT COUNT(*) AS oCount, IFNULL(SUM(order_amount), 0) AS oAmount FROM `ectwfxdb`.`ecs_order_info`

SELECT COUNT(*) FROM `ectwfxdb`.`ecs_goods` WHERE is_delete = 0 AND is_alone_sale = 1 AND is_real = 1

SELECT COUNT(*) FROM `ectwfxdb`.`ecs_users`

SELECT value FROM `ectwfxdb`.`ecs_shop_config` WHERE code = 'template'

SELECT value FROM `ectwfxdb`.`ecs_shop_config` WHERE code = 'stylename'

SELECT userid, adminid, user_name, user_rank, discount, email, data, expiry FROM `ectwfxdb`.`ecs_sessions` WHERE sesskey = '9645d9a8abc3e21c85a7f29f5eab59a7'

SELECT code, value FROM `ectwfxdb`.`ecs_shop_config` WHERE parent_id > 0

SELECT * FROM `ectwfxdb`.`ecs_shop_config` WHERE type<>'hidden'   AND (parent_id<>'5' AND id<>'5') ORDER BY parent_id, sort_order, id

SELECT region_id, region_name FROM `ectwfxdb`.`ecs_region` WHERE region_type = '0' AND parent_id = '0'

SELECT region_id, region_name FROM `ectwfxdb`.`ecs_region` WHERE region_type = '1' AND parent_id = '1'

SELECT region_id, region_name FROM `ectwfxdb`.`ecs_region` WHERE region_type = '2' AND parent_id = '2'

SELECT userid, adminid, user_name, user_rank, discount, email, data, expiry FROM `ectwfxdb`.`ecs_sessions` WHERE sesskey = '9645d9a8abc3e21c85a7f29f5eab59a7'

SELECT code, value FROM `ectwfxdb`.`ecs_shop_config` WHERE parent_id > 0

SELECT suppliers_id, suppliers_name, suppliers_desc
            FROM `ectwfxdb`.`ecs_suppliers`
            WHERE  is_check = 1 

SELECT c.cat_id, c.cat_name, c.measure_unit, c.parent_id, c.is_show, c.show_in_nav, c.grade, c.sort_order, COUNT(s.cat_id) AS has_children FROM `ectwfxdb`.`ecs_category` AS c LEFT JOIN `ectwfxdb`.`ecs_category` AS s ON s.parent_id=c.cat_id GROUP BY c.cat_id ORDER BY c.parent_id, c.sort_order ASC

SELECT cat_id, COUNT(*) AS goods_num  FROM `ectwfxdb`.`ecs_goods` WHERE is_delete = 0 AND is_on_sale = 1  GROUP BY cat_id

SELECT gc.cat_id, COUNT(*) AS goods_num  FROM `ectwfxdb`.`ecs_goods_cat` AS gc , `ectwfxdb`.`ecs_goods` AS g  WHERE g.goods_id = gc.goods_id AND g.is_delete = 0 AND g.is_on_sale = 1  GROUP BY gc.cat_id

SELECT brand_id, brand_name FROM `ectwfxdb`.`ecs_brand` ORDER BY sort_order

SELECT suppliers_id, suppliers_name, suppliers_desc
            FROM `ectwfxdb`.`ecs_suppliers`
            WHERE  is_check = 1 

SELECT COUNT(*) FROM `ectwfxdb`.`ecs_goods` AS g WHERE is_delete='0'  AND is_real='1'

SELECT goods_id, goods_name, goods_type, goods_sn, virtual_sales, shop_price, is_on_sale, is_best, is_new, is_hot, sort_order, goods_number, integral,  (promote_price > 0 AND promote_start_date <= '1491551999' AND promote_end_date >= '1491551999') AS is_promote  FROM `ectwfxdb`.`ecs_goods` AS g WHERE is_delete='0'  AND is_real='1' ORDER BY goods_id DESC  LIMIT 0,15

SELECT DISTINCT cat_id
            FROM `ectwfxdb`.`ecs_attribute`
            WHERE attr_type = 1

UPDATE `ectwfxdb`.`ecs_sessions` SET expiry = '1491563308', ip = '0.0.0.0', userid = '0', adminid = '1', user_name='0', user_rank='0', discount='0', email='0', data = 'a:4:{s:10:\"admin_name\";s:5:\"admin\";s:11:\"action_list\";s:3:\"all\";s:10:\"last_check\";i:1491534474;s:12:\"suppliers_id\";s:1:\"0\";}' WHERE sesskey = '9645d9a8abc3e21c85a7f29f5eab59a7' LIMIT 1

DELETE FROM `ectwfxdb`.`ecs_sessions_data` WHERE expiry < 1491561508

DELETE FROM `ectwfxdb`.`ecs_sessions` WHERE expiry < 1491561508

SELECT userid, adminid, user_name, user_rank, discount, email, data, expiry FROM `ectwfxdb`.`ecs_sessions` WHERE sesskey = '9645d9a8abc3e21c85a7f29f5eab59a7'

SELECT code, value FROM `ectwfxdb`.`ecs_shop_config` WHERE parent_id > 0

SELECT agency_id FROM `ectwfxdb`.`ecs_admin_user` WHERE user_id = '1'

SELECT COUNT(*) FROM `ectwfxdb`.`ecs_order_info` AS o WHERE 1  AND o.province = '25' AND o.city = '321' AND o.district = '2703'

SELECT o.order_id, o.order_sn, o.add_time, o.order_status, o.shipping_status, o.order_amount, o.money_paid,o.pay_status, o.consignee, o.address, o.email, o.tel, o.extension_code, o.extension_id, (   o.goods_amount + o.tax + o.shipping_fee + o.insure_fee + o.pay_fee + o.pack_fee + o.card_fee ) AS total_fee, IFNULL(u.user_name, '匿名用户') AS buyer  FROM `ectwfxdb`.`ecs_order_info` AS o  LEFT JOIN `ectwfxdb`.`ecs_users` AS u ON u.user_id=o.user_id WHERE 1  AND o.province = '25' AND o.city = '321' AND o.district = '2703' ORDER BY add_time DESC  LIMIT 0,15

SELECT userid, adminid, user_name, user_rank, discount, email, data, expiry FROM `ectwfxdb`.`ecs_sessions` WHERE sesskey = '9645d9a8abc3e21c85a7f29f5eab59a7'

SELECT code, value FROM `ectwfxdb`.`ecs_shop_config` WHERE parent_id > 0

SELECT rank_id, rank_name, min_points FROM `ectwfxdb`.`ecs_user_rank` ORDER BY min_points ASC 

SELECT COUNT(*) FROM `ectwfxdb`.`ecs_users` WHERE 1 

SELECT user_id, user_name,sex,birthday,mobile_phone,email, is_validated, user_money, frozen_money, rank_points, pay_points, reg_time  FROM `ectwfxdb`.`ecs_users` WHERE 1  ORDER by user_id DESC LIMIT 0,15

UPDATE `ectwfxdb`.`ecs_sessions` SET expiry = '1491563310', ip = '0.0.0.0', userid = '0', adminid = '1', user_name='0', user_rank='0', discount='0', email='0', data = 'a:5:{s:10:\"admin_name\";s:5:\"admin\";s:11:\"action_list\";s:3:\"all\";s:10:\"last_check\";i:1491534474;s:12:\"suppliers_id\";s:1:\"0\";s:9:\"user_list\";a:0:{}}' WHERE sesskey = '9645d9a8abc3e21c85a7f29f5eab59a7' LIMIT 1

DELETE FROM `ectwfxdb`.`ecs_sessions` WHERE expiry < 1491561510

SELECT userid, adminid, user_name, user_rank, discount, email, data, expiry FROM `ectwfxdb`.`ecs_sessions` WHERE sesskey = '9645d9a8abc3e21c85a7f29f5eab59a7'

SELECT code, value FROM `ectwfxdb`.`ecs_shop_config` WHERE parent_id > 0

SELECT c.*, COUNT(s.cat_id) AS has_children, COUNT(a.article_id) AS aricle_num  FROM `ectwfxdb`.`ecs_article_cat` AS c LEFT JOIN `ectwfxdb`.`ecs_article_cat` AS s ON s.parent_id=c.cat_id LEFT JOIN `ectwfxdb`.`ecs_article` AS a ON a.cat_id=c.cat_id GROUP BY c.cat_id  ORDER BY parent_id, sort_order ASC

DELETE FROM `ectwfxdb`.`ecs_sessions_data` WHERE expiry < 1491561510

DELETE FROM `ectwfxdb`.`ecs_sessions` WHERE expiry < 1491561510

SELECT userid, adminid, user_name, user_rank, discount, email, data, expiry FROM `ectwfxdb`.`ecs_sessions` WHERE sesskey = '9645d9a8abc3e21c85a7f29f5eab59a7'

SELECT code, value FROM `ectwfxdb`.`ecs_shop_config` WHERE parent_id > 0

SELECT bonus_type_id, COUNT(*) AS sent_count FROM `ectwfxdb`.`ecs_user_bonus` GROUP BY bonus_type_id

SELECT bonus_type_id, COUNT(*) AS used_count FROM `ectwfxdb`.`ecs_user_bonus` WHERE used_time > 0 GROUP BY bonus_type_id

SELECT COUNT(*) FROM `ectwfxdb`.`ecs_bonus_type`

SELECT * FROM `ectwfxdb`.`ecs_bonus_type` ORDER BY type_id DESC LIMIT 15

DELETE FROM `ectwfxdb`.`ecs_sessions_data` WHERE expiry < 1491561511

SELECT userid, adminid, user_name, user_rank, discount, email, data, expiry FROM `ectwfxdb`.`ecs_sessions` WHERE sesskey = '9645d9a8abc3e21c85a7f29f5eab59a7'

SELECT code, value FROM `ectwfxdb`.`ecs_shop_config` WHERE parent_id > 0

SELECT COUNT(*) FROM `ectwfxdb`.`ecs_users`

SELECT COUNT(DISTINCT user_id) FROM `ectwfxdb`.`ecs_order_info` WHERE user_id > 0  AND order_status  IN ('1','5')  AND shipping_status  IN ('1','2')  AND pay_status  IN ('2','1')  

SELECT COUNT(*) AS order_num,  SUM(   goods_amount + tax + shipping_fee + insure_fee + pay_fee + pack_fee + card_fee ) AS turnover FROM `ectwfxdb`.`ecs_order_info` WHERE user_id > 0  AND order_status  IN ('1','5')  AND shipping_status  IN ('1','2')  AND pay_status  IN ('2','1')  

SELECT COUNT(*) AS order_num,  SUM(   goods_amount + tax + shipping_fee + insure_fee + pay_fee + pack_fee + card_fee ) AS turnover FROM `ectwfxdb`.`ecs_order_info` WHERE user_id = 0  AND order_status  IN ('1','5')  AND shipping_status  IN ('1','2')  AND pay_status  IN ('2','1')  

DELETE FROM `ectwfxdb`.`ecs_sessions_data` WHERE expiry < 1491561512

DELETE FROM `ectwfxdb`.`ecs_sessions` WHERE expiry < 1491561512

SELECT userid, adminid, user_name, user_rank, discount, email, data, expiry FROM `ectwfxdb`.`ecs_sessions` WHERE sesskey = '9645d9a8abc3e21c85a7f29f5eab59a7'

SELECT code, value FROM `ectwfxdb`.`ecs_shop_config` WHERE parent_id > 0

DELETE FROM `ectwfxdb`.`ecs_template` WHERE 1  AND theme <> 'default' 

DELETE FROM `ectwfxdb`.`ecs_sessions` WHERE expiry < 1491561512

SELECT userid, adminid, user_name, user_rank, discount, email, data, expiry FROM `ectwfxdb`.`ecs_sessions` WHERE sesskey = '9645d9a8abc3e21c85a7f29f5eab59a7'

SELECT code, value FROM `ectwfxdb`.`ecs_shop_config` WHERE parent_id > 0

SHOW TABLES LIKE 'ecs\_%'

SELECT userid, adminid, user_name, user_rank, discount, email, data, expiry FROM `ectwfxdb`.`ecs_sessions` WHERE sesskey = '9645d9a8abc3e21c85a7f29f5eab59a7'

SELECT code, value FROM `ectwfxdb`.`ecs_shop_config` WHERE parent_id > 0

SHOW TABLES LIKE 'ecs\_%'

DELETE FROM `ectwfxdb`.`ecs_sessions_data` WHERE expiry < 1491561514

DELETE FROM `ectwfxdb`.`ecs_sessions` WHERE expiry < 1491561514

SELECT userid, adminid, user_name, user_rank, discount, email, data, expiry FROM `ectwfxdb`.`ecs_sessions` WHERE sesskey = '9645d9a8abc3e21c85a7f29f5eab59a7'

SELECT code, value FROM `ectwfxdb`.`ecs_shop_config` WHERE parent_id > 0

SELECT * FROM `ectwfxdb`.`ecs_drp_config`

DELETE FROM `ectwfxdb`.`ecs_sessions_data` WHERE expiry < 1491561518

DELETE FROM `ectwfxdb`.`ecs_sessions` WHERE expiry < 1491561518

