INSERT INTO `ectwfxdb`.`ecs_sessions` (sesskey, expiry, ip, data) VALUES ('5c4e6664c0233c7fb328b1f7acba94c5', '1495707263', '0.0.0.0', 'a:0:{}')

SELECT code, value FROM `ectwfxdb`.`ecs_shop_config` WHERE parent_id > 0

UPDATE `ectwfxdb`.`ecs_sessions` SET expiry = '1495707263', ip = '0.0.0.0', userid = '0', adminid = '0', user_name='0', user_rank='0', discount='0', email='0', data = 'a:0:{}' WHERE sesskey = '5c4e6664c0233c7fb328b1f7acba94c5' LIMIT 1

DELETE FROM `ectwfxdb`.`ecs_sessions_data` WHERE expiry < 1495705463

SELECT userid, adminid, user_name, user_rank, discount, email, data, expiry FROM `ectwfxdb`.`ecs_sessions` WHERE sesskey = '5c4e6664c0233c7fb328b1f7acba94c5'

SELECT code, value FROM `ectwfxdb`.`ecs_shop_config` WHERE parent_id > 0

SELECT userid, adminid, user_name, user_rank, discount, email, data, expiry FROM `ectwfxdb`.`ecs_sessions` WHERE sesskey = '5c4e6664c0233c7fb328b1f7acba94c5'

SELECT code, value FROM `ectwfxdb`.`ecs_shop_config` WHERE parent_id > 0

SELECT `ec_salt` FROM `ectwfxdb`.`ecs_admin_user`WHERE user_name = 'admin'

SELECT user_id, user_name, password, last_login, action_list, last_login,suppliers_id,ec_salt FROM `ectwfxdb`.`ecs_admin_user` WHERE user_name = 'admin' AND password = '4a5a006bc05260e8ecdb5cdf13f3a406'

UPDATE `ectwfxdb`.`ecs_admin_user` SET last_login='1495678468', last_ip='0.0.0.0' WHERE user_id='1'

SELECT DISTINCT session_id FROM `ectwfxdb`.`ecs_cart` AS c, `ectwfxdb`.`ecs_sessions` AS s WHERE c.session_id = s.sesskey 

DELETE FROM `ectwfxdb`.`ecs_cart` WHERE session_id NOT  IN ('') 

UPDATE `ectwfxdb`.`ecs_sessions` SET expiry = '1495707268', ip = '0.0.0.0', userid = '0', adminid = '1', user_name='0', user_rank='0', discount='0', email='0', data = 'a:4:{s:10:\"admin_name\";s:5:\"admin\";s:11:\"action_list\";s:3:\"all\";s:10:\"last_check\";s:10:\"1492656248\";s:12:\"suppliers_id\";s:1:\"0\";}' WHERE sesskey = '5c4e6664c0233c7fb328b1f7acba94c5' LIMIT 1

DELETE FROM `ectwfxdb`.`ecs_sessions` WHERE expiry < 1495705468

SELECT userid, adminid, user_name, user_rank, discount, email, data, expiry FROM `ectwfxdb`.`ecs_sessions` WHERE sesskey = '5c4e6664c0233c7fb328b1f7acba94c5'

SELECT code, value FROM `ectwfxdb`.`ecs_shop_config` WHERE parent_id > 0

DELETE FROM `ectwfxdb`.`ecs_sessions` WHERE expiry < 1495705468

SELECT userid, adminid, user_name, user_rank, discount, email, data, expiry FROM `ectwfxdb`.`ecs_sessions` WHERE sesskey = '5c4e6664c0233c7fb328b1f7acba94c5'

SELECT code, value FROM `ectwfxdb`.`ecs_shop_config` WHERE parent_id > 0

SELECT message_id, sender_id, receiver_id, sent_time, readed, deleted, title, message, user_name FROM `ectwfxdb`.`ecs_admin_message` AS a, `ectwfxdb`.`ecs_admin_user` AS b WHERE a.sender_id = b.user_id AND a.receiver_id = '1' AND a.readed = 0 AND deleted = 0 ORDER BY a.sent_time DESC

SELECT pay_id, is_cod FROM `ectwfxdb`.`ecs_payment` WHERE enabled = 1

SELECT COUNT(*) FROM `ectwfxdb`.`ecs_order_info` WHERE 1  AND order_status  IN ('1','5')  AND shipping_status  IN ('1','2')  AND pay_status  IN ('2','1')  

SELECT pay_id FROM `ectwfxdb`.`ecs_payment` WHERE is_cod = 1

SELECT COUNT(*) FROM `ectwfxdb`.`ecs_order_info` WHERE 1  AND   order_status  IN ('1','5','6')  AND   shipping_status  IN ('0','3','5')  AND ( pay_status  IN ('2','1')  OR pay_id  IN ('') ) 

SELECT pay_id FROM `ectwfxdb`.`ecs_payment` WHERE is_cod = 0

SELECT COUNT(*) FROM `ectwfxdb`.`ecs_order_info` WHERE 1  AND   order_status  IN ('1','5')  AND   pay_status = '0' AND ( shipping_status  IN ('1','2')  OR pay_id  IN ('1') ) 

SELECT COUNT(*) FROM `ectwfxdb`.`ecs_order_info` WHERE 1  AND order_status = '0' 

SELECT COUNT(*) FROM `ectwfxdb`.`ecs_order_info` WHERE  shipping_status=4

SELECT COUNT(*) AS oCount, IFNULL(SUM(order_amount), 0) AS oAmount FROM `ectwfxdb`.`ecs_order_info`

SELECT COUNT(*) FROM `ectwfxdb`.`ecs_goods` WHERE is_delete = 0 AND is_alone_sale = 1 AND is_real = 1

SELECT COUNT(*) FROM `ectwfxdb`.`ecs_goods` WHERE is_delete = 0 AND is_alone_sale = 1 AND is_real=0 AND extension_code='virtual_card'

SELECT COUNT(*) FROM `ectwfxdb`.`ecs_goods` WHERE is_delete = 0 AND is_new = 1 AND is_real = 1

SELECT COUNT(*) FROM `ectwfxdb`.`ecs_goods` WHERE is_delete = 0 AND is_new = 1 AND is_real=0 AND extension_code='virtual_card'

SELECT COUNT(*) FROM `ectwfxdb`.`ecs_goods` WHERE is_delete = 0 AND is_best = 1 AND is_real = 1

SELECT COUNT(*) FROM `ectwfxdb`.`ecs_goods` WHERE is_delete = 0 AND is_best = 1 AND is_real=0 AND extension_code='virtual_card'

SELECT COUNT(*) FROM `ectwfxdb`.`ecs_goods` WHERE is_delete = 0 AND is_hot = 1 AND is_real = 1

SELECT COUNT(*) FROM `ectwfxdb`.`ecs_goods` WHERE is_delete = 0 AND is_hot = 1 AND is_real=0 AND extension_code='virtual_card'

SELECT COUNT(*) FROM `ectwfxdb`.`ecs_goods` WHERE is_delete = 0 AND promote_price>0 AND promote_start_date <= '1495678468' AND promote_end_date >= '1495678468' AND is_real = 1

SELECT COUNT(*) FROM `ectwfxdb`.`ecs_goods` WHERE is_delete = 0 AND promote_price>0 AND promote_start_date <= '1495678468' AND promote_end_date >= '1495678468' AND is_real=0 AND extension_code='virtual_card'

SELECT COUNT(*) FROM `ectwfxdb`.`ecs_goods` WHERE is_delete = 0 AND goods_number <= warn_number AND is_real = 1

SELECT COUNT(*) FROM `ectwfxdb`.`ecs_goods` WHERE is_delete = 0 AND goods_number <= warn_number AND is_real=0 AND extension_code='virtual_card'

SELECT COUNT(*) FROM `ectwfxdb`.`ecs_stats` WHERE access_time > 1495612800

SELECT count(*) FROM `ectwfxdb`.`ecs_sessions`

SELECT COUNT(f.msg_id) FROM `ectwfxdb`.`ecs_feedback` AS f LEFT JOIN `ectwfxdb`.`ecs_feedback` AS r ON r.parent_id=f.msg_id WHERE f.parent_id=0 AND ISNULL(r.msg_id) 

SELECT COUNT(*) FROM `ectwfxdb`.`ecs_comment` WHERE status = 0 AND parent_id = 0

SELECT COUNT(*) FROM `ectwfxdb`.`ecs_booking_goods` WHERE is_dispose = 0

SELECT COUNT(*) FROM `ectwfxdb`.`ecs_user_account` WHERE process_type = 1 AND is_paid = 0 

DELETE FROM `ectwfxdb`.`ecs_sessions_data` WHERE expiry < 1495705468

DELETE FROM `ectwfxdb`.`ecs_sessions` WHERE expiry < 1495705468

SELECT userid, adminid, user_name, user_rank, discount, email, data, expiry FROM `ectwfxdb`.`ecs_sessions` WHERE sesskey = '5c4e6664c0233c7fb328b1f7acba94c5'

SELECT code, value FROM `ectwfxdb`.`ecs_shop_config` WHERE parent_id > 0

SELECT COUNT(*) AS oCount, IFNULL(SUM(order_amount), 0) AS oAmount FROM `ectwfxdb`.`ecs_order_info`

SELECT COUNT(*) FROM `ectwfxdb`.`ecs_goods` WHERE is_delete = 0 AND is_alone_sale = 1 AND is_real = 1

SELECT COUNT(*) FROM `ectwfxdb`.`ecs_users`

SELECT value FROM `ectwfxdb`.`ecs_shop_config` WHERE code = 'template'

SELECT value FROM `ectwfxdb`.`ecs_shop_config` WHERE code = 'stylename'

SELECT userid, adminid, user_name, user_rank, discount, email, data, expiry FROM `ectwfxdb`.`ecs_sessions` WHERE sesskey = '5c4e6664c0233c7fb328b1f7acba94c5'

SELECT code, value FROM `ectwfxdb`.`ecs_shop_config` WHERE parent_id > 0

SELECT COUNT(*) FROM `ectwfxdb`.`ecs_order_info` WHERE add_time >= '1492656248'

SELECT COUNT(*) FROM `ectwfxdb`.`ecs_order_info` WHERE pay_time >= 1492656248

UPDATE `ectwfxdb`.`ecs_sessions` SET expiry = '1495707270', ip = '0.0.0.0', userid = '0', adminid = '1', user_name='0', user_rank='0', discount='0', email='0', data = 'a:4:{s:10:\"admin_name\";s:5:\"admin\";s:11:\"action_list\";s:3:\"all\";s:10:\"last_check\";i:1495678470;s:12:\"suppliers_id\";s:1:\"0\";}' WHERE sesskey = '5c4e6664c0233c7fb328b1f7acba94c5' LIMIT 1

DELETE FROM `ectwfxdb`.`ecs_sessions` WHERE expiry < 1495705470

DELETE FROM `ectwfxdb`.`ecs_sessions` WHERE expiry < 1495705472

SELECT userid, adminid, user_name, user_rank, discount, email, data, expiry FROM `ectwfxdb`.`ecs_sessions` WHERE sesskey = '5c4e6664c0233c7fb328b1f7acba94c5'

SELECT code, value FROM `ectwfxdb`.`ecs_shop_config` WHERE parent_id > 0

SELECT * FROM `ectwfxdb`.`ecs_shop_config` WHERE type<>'hidden'   AND (parent_id<>'5' AND id<>'5') ORDER BY parent_id, sort_order, id

SELECT region_id, region_name FROM `ectwfxdb`.`ecs_region` WHERE region_type = '0' AND parent_id = '0'

SELECT region_id, region_name FROM `ectwfxdb`.`ecs_region` WHERE region_type = '1' AND parent_id = '1'

SELECT region_id, region_name FROM `ectwfxdb`.`ecs_region` WHERE region_type = '2' AND parent_id = '2'

DELETE FROM `ectwfxdb`.`ecs_sessions` WHERE expiry < 1495705472

SELECT userid, adminid, user_name, user_rank, discount, email, data, expiry FROM `ectwfxdb`.`ecs_sessions` WHERE sesskey = '5c4e6664c0233c7fb328b1f7acba94c5'

SELECT code, value FROM `ectwfxdb`.`ecs_shop_config` WHERE parent_id > 0

UPDATE `ectwfxdb`.`ecs_sessions` SET expiry = '1495707285', ip = '0.0.0.0', userid = '0', adminid = '1', user_name='0', user_rank='0', discount='0', email='0', data = 'a:4:{s:10:\"admin_name\";s:5:\"admin\";s:11:\"action_list\";s:3:\"all\";s:10:\"last_check\";i:1495678470;s:12:\"suppliers_id\";s:1:\"0\";}' WHERE sesskey = '5c4e6664c0233c7fb328b1f7acba94c5' LIMIT 1

SELECT userid, adminid, user_name, user_rank, discount, email, data, expiry FROM `ectwfxdb`.`ecs_sessions` WHERE sesskey = '5c4e6664c0233c7fb328b1f7acba94c5'

SELECT code, value FROM `ectwfxdb`.`ecs_shop_config` WHERE parent_id > 0

SELECT message_id, sender_id, receiver_id, sent_time, readed, deleted, title, message, user_name FROM `ectwfxdb`.`ecs_admin_message` AS a, `ectwfxdb`.`ecs_admin_user` AS b WHERE a.sender_id = b.user_id AND a.receiver_id = '1' AND a.readed = 0 AND deleted = 0 ORDER BY a.sent_time DESC

SELECT pay_id, is_cod FROM `ectwfxdb`.`ecs_payment` WHERE enabled = 1

SELECT COUNT(*) FROM `ectwfxdb`.`ecs_order_info` WHERE 1  AND order_status  IN ('1','5')  AND shipping_status  IN ('1','2')  AND pay_status  IN ('2','1')  

SELECT pay_id FROM `ectwfxdb`.`ecs_payment` WHERE is_cod = 1

SELECT COUNT(*) FROM `ectwfxdb`.`ecs_order_info` WHERE 1  AND   order_status  IN ('1','5','6')  AND   shipping_status  IN ('0','3','5')  AND ( pay_status  IN ('2','1')  OR pay_id  IN ('') ) 

SELECT pay_id FROM `ectwfxdb`.`ecs_payment` WHERE is_cod = 0

SELECT COUNT(*) FROM `ectwfxdb`.`ecs_order_info` WHERE 1  AND   order_status  IN ('1','5')  AND   pay_status = '0' AND ( shipping_status  IN ('1','2')  OR pay_id  IN ('1') ) 

SELECT COUNT(*) FROM `ectwfxdb`.`ecs_order_info` WHERE 1  AND order_status = '0' 

SELECT COUNT(*) FROM `ectwfxdb`.`ecs_order_info` WHERE  shipping_status=4

SELECT COUNT(*) AS oCount, IFNULL(SUM(order_amount), 0) AS oAmount FROM `ectwfxdb`.`ecs_order_info`

SELECT COUNT(*) FROM `ectwfxdb`.`ecs_goods` WHERE is_delete = 0 AND is_alone_sale = 1 AND is_real = 1

SELECT COUNT(*) FROM `ectwfxdb`.`ecs_goods` WHERE is_delete = 0 AND is_alone_sale = 1 AND is_real=0 AND extension_code='virtual_card'

SELECT COUNT(*) FROM `ectwfxdb`.`ecs_goods` WHERE is_delete = 0 AND is_new = 1 AND is_real = 1

SELECT COUNT(*) FROM `ectwfxdb`.`ecs_goods` WHERE is_delete = 0 AND is_new = 1 AND is_real=0 AND extension_code='virtual_card'

SELECT COUNT(*) FROM `ectwfxdb`.`ecs_goods` WHERE is_delete = 0 AND is_best = 1 AND is_real = 1

SELECT COUNT(*) FROM `ectwfxdb`.`ecs_goods` WHERE is_delete = 0 AND is_best = 1 AND is_real=0 AND extension_code='virtual_card'

SELECT COUNT(*) FROM `ectwfxdb`.`ecs_goods` WHERE is_delete = 0 AND is_hot = 1 AND is_real = 1

SELECT COUNT(*) FROM `ectwfxdb`.`ecs_goods` WHERE is_delete = 0 AND is_hot = 1 AND is_real=0 AND extension_code='virtual_card'

SELECT COUNT(*) FROM `ectwfxdb`.`ecs_goods` WHERE is_delete = 0 AND promote_price>0 AND promote_start_date <= '1495678485' AND promote_end_date >= '1495678485' AND is_real = 1

SELECT COUNT(*) FROM `ectwfxdb`.`ecs_goods` WHERE is_delete = 0 AND promote_price>0 AND promote_start_date <= '1495678485' AND promote_end_date >= '1495678485' AND is_real=0 AND extension_code='virtual_card'

SELECT COUNT(*) FROM `ectwfxdb`.`ecs_goods` WHERE is_delete = 0 AND goods_number <= warn_number AND is_real = 1

SELECT COUNT(*) FROM `ectwfxdb`.`ecs_goods` WHERE is_delete = 0 AND goods_number <= warn_number AND is_real=0 AND extension_code='virtual_card'

SELECT COUNT(*) FROM `ectwfxdb`.`ecs_stats` WHERE access_time > 1495612800

SELECT count(*) FROM `ectwfxdb`.`ecs_sessions`

SELECT COUNT(f.msg_id) FROM `ectwfxdb`.`ecs_feedback` AS f LEFT JOIN `ectwfxdb`.`ecs_feedback` AS r ON r.parent_id=f.msg_id WHERE f.parent_id=0 AND ISNULL(r.msg_id) 

SELECT COUNT(*) FROM `ectwfxdb`.`ecs_comment` WHERE status = 0 AND parent_id = 0

SELECT COUNT(*) FROM `ectwfxdb`.`ecs_booking_goods` WHERE is_dispose = 0

SELECT COUNT(*) FROM `ectwfxdb`.`ecs_user_account` WHERE process_type = 1 AND is_paid = 0 

SELECT userid, adminid, user_name, user_rank, discount, email, data, expiry FROM `ectwfxdb`.`ecs_sessions` WHERE sesskey = '5c4e6664c0233c7fb328b1f7acba94c5'

SELECT code, value FROM `ectwfxdb`.`ecs_shop_config` WHERE parent_id > 0

SELECT COUNT(*) AS oCount, IFNULL(SUM(order_amount), 0) AS oAmount FROM `ectwfxdb`.`ecs_order_info`

SELECT COUNT(*) FROM `ectwfxdb`.`ecs_goods` WHERE is_delete = 0 AND is_alone_sale = 1 AND is_real = 1

SELECT COUNT(*) FROM `ectwfxdb`.`ecs_users`

SELECT value FROM `ectwfxdb`.`ecs_shop_config` WHERE code = 'template'

SELECT value FROM `ectwfxdb`.`ecs_shop_config` WHERE code = 'stylename'

SELECT userid, adminid, user_name, user_rank, discount, email, data, expiry FROM `ectwfxdb`.`ecs_sessions` WHERE sesskey = '5c4e6664c0233c7fb328b1f7acba94c5'

SELECT code, value FROM `ectwfxdb`.`ecs_shop_config` WHERE parent_id > 0

SELECT * FROM `ectwfxdb`.`ecs_shop_config` WHERE type<>'hidden'   AND (parent_id<>'5' AND id<>'5') ORDER BY parent_id, sort_order, id

SELECT region_id, region_name FROM `ectwfxdb`.`ecs_region` WHERE region_type = '0' AND parent_id = '0'

SELECT region_id, region_name FROM `ectwfxdb`.`ecs_region` WHERE region_type = '1' AND parent_id = '1'

SELECT region_id, region_name FROM `ectwfxdb`.`ecs_region` WHERE region_type = '2' AND parent_id = '2'

DELETE FROM `ectwfxdb`.`ecs_sessions_data` WHERE expiry < 1495705487

DELETE FROM `ectwfxdb`.`ecs_sessions_data` WHERE expiry < 1495705487

INSERT INTO `ectwfxdb`.`ecs_sessions` (sesskey, expiry, ip, data) VALUES ('b0933a69a63be0a761d5695dc33faf42', '1495707305', '127.0.0.1', 'a:0:{}')

SELECT code, value FROM `ectwfxdb`.`ecs_shop_config` WHERE parent_id > 0

UPDATE `ectwfxdb`.`ecs_sessions` SET expiry = '1495707305', ip = '127.0.0.1', userid = '0', adminid = '0', user_name='0', user_rank='0', discount='0', email='0', data = 'a:0:{}' WHERE sesskey = 'b0933a69a63be0a761d5695dc33faf42' LIMIT 1

SELECT userid, adminid, user_name, user_rank, discount, email, data, expiry FROM `ectwfxdb`.`ecs_sessions` WHERE sesskey = 'b0933a69a63be0a761d5695dc33faf42'

SELECT code, value FROM `ectwfxdb`.`ecs_shop_config` WHERE parent_id > 0

DELETE FROM `ectwfxdb`.`ecs_sessions_data` WHERE expiry < 1495705505

SELECT userid, adminid, user_name, user_rank, discount, email, data, expiry FROM `ectwfxdb`.`ecs_sessions` WHERE sesskey = 'b0933a69a63be0a761d5695dc33faf42'

SELECT code, value FROM `ectwfxdb`.`ecs_shop_config` WHERE parent_id > 0

SELECT `ec_salt` FROM `ectwfxdb`.`ecs_admin_user`WHERE user_name = 'admin'

SELECT user_id, user_name, password, last_login, action_list, last_login,suppliers_id,ec_salt FROM `ectwfxdb`.`ecs_admin_user` WHERE user_name = 'admin' AND password = '4a5a006bc05260e8ecdb5cdf13f3a406'

UPDATE `ectwfxdb`.`ecs_admin_user` SET last_login='1495678511', last_ip='127.0.0.1' WHERE user_id='1'

SELECT DISTINCT session_id FROM `ectwfxdb`.`ecs_cart` AS c, `ectwfxdb`.`ecs_sessions` AS s WHERE c.session_id = s.sesskey 

DELETE FROM `ectwfxdb`.`ecs_cart` WHERE session_id NOT  IN ('') 

UPDATE `ectwfxdb`.`ecs_sessions` SET expiry = '1495707311', ip = '127.0.0.1', userid = '0', adminid = '1', user_name='0', user_rank='0', discount='0', email='0', data = 'a:4:{s:10:\"admin_name\";s:5:\"admin\";s:11:\"action_list\";s:3:\"all\";s:10:\"last_check\";s:10:\"1495678468\";s:12:\"suppliers_id\";s:1:\"0\";}' WHERE sesskey = 'b0933a69a63be0a761d5695dc33faf42' LIMIT 1

SELECT userid, adminid, user_name, user_rank, discount, email, data, expiry FROM `ectwfxdb`.`ecs_sessions` WHERE sesskey = 'b0933a69a63be0a761d5695dc33faf42'

SELECT code, value FROM `ectwfxdb`.`ecs_shop_config` WHERE parent_id > 0

SELECT userid, adminid, user_name, user_rank, discount, email, data, expiry FROM `ectwfxdb`.`ecs_sessions` WHERE sesskey = 'b0933a69a63be0a761d5695dc33faf42'

SELECT code, value FROM `ectwfxdb`.`ecs_shop_config` WHERE parent_id > 0

SELECT message_id, sender_id, receiver_id, sent_time, readed, deleted, title, message, user_name FROM `ectwfxdb`.`ecs_admin_message` AS a, `ectwfxdb`.`ecs_admin_user` AS b WHERE a.sender_id = b.user_id AND a.receiver_id = '1' AND a.readed = 0 AND deleted = 0 ORDER BY a.sent_time DESC

SELECT pay_id, is_cod FROM `ectwfxdb`.`ecs_payment` WHERE enabled = 1

SELECT COUNT(*) FROM `ectwfxdb`.`ecs_order_info` WHERE 1  AND order_status  IN ('1','5')  AND shipping_status  IN ('1','2')  AND pay_status  IN ('2','1')  

SELECT pay_id FROM `ectwfxdb`.`ecs_payment` WHERE is_cod = 1

SELECT COUNT(*) FROM `ectwfxdb`.`ecs_order_info` WHERE 1  AND   order_status  IN ('1','5','6')  AND   shipping_status  IN ('0','3','5')  AND ( pay_status  IN ('2','1')  OR pay_id  IN ('') ) 

SELECT pay_id FROM `ectwfxdb`.`ecs_payment` WHERE is_cod = 0

SELECT COUNT(*) FROM `ectwfxdb`.`ecs_order_info` WHERE 1  AND   order_status  IN ('1','5')  AND   pay_status = '0' AND ( shipping_status  IN ('1','2')  OR pay_id  IN ('1') ) 

SELECT COUNT(*) FROM `ectwfxdb`.`ecs_order_info` WHERE 1  AND order_status = '0' 

SELECT COUNT(*) FROM `ectwfxdb`.`ecs_order_info` WHERE  shipping_status=4

SELECT COUNT(*) AS oCount, IFNULL(SUM(order_amount), 0) AS oAmount FROM `ectwfxdb`.`ecs_order_info`

SELECT COUNT(*) FROM `ectwfxdb`.`ecs_goods` WHERE is_delete = 0 AND is_alone_sale = 1 AND is_real = 1

SELECT COUNT(*) FROM `ectwfxdb`.`ecs_goods` WHERE is_delete = 0 AND is_alone_sale = 1 AND is_real=0 AND extension_code='virtual_card'

SELECT COUNT(*) FROM `ectwfxdb`.`ecs_goods` WHERE is_delete = 0 AND is_new = 1 AND is_real = 1

SELECT COUNT(*) FROM `ectwfxdb`.`ecs_goods` WHERE is_delete = 0 AND is_new = 1 AND is_real=0 AND extension_code='virtual_card'

SELECT COUNT(*) FROM `ectwfxdb`.`ecs_goods` WHERE is_delete = 0 AND is_best = 1 AND is_real = 1

SELECT COUNT(*) FROM `ectwfxdb`.`ecs_goods` WHERE is_delete = 0 AND is_best = 1 AND is_real=0 AND extension_code='virtual_card'

SELECT COUNT(*) FROM `ectwfxdb`.`ecs_goods` WHERE is_delete = 0 AND is_hot = 1 AND is_real = 1

SELECT COUNT(*) FROM `ectwfxdb`.`ecs_goods` WHERE is_delete = 0 AND is_hot = 1 AND is_real=0 AND extension_code='virtual_card'

SELECT COUNT(*) FROM `ectwfxdb`.`ecs_goods` WHERE is_delete = 0 AND promote_price>0 AND promote_start_date <= '1495678511' AND promote_end_date >= '1495678511' AND is_real = 1

SELECT COUNT(*) FROM `ectwfxdb`.`ecs_goods` WHERE is_delete = 0 AND promote_price>0 AND promote_start_date <= '1495678511' AND promote_end_date >= '1495678511' AND is_real=0 AND extension_code='virtual_card'

SELECT COUNT(*) FROM `ectwfxdb`.`ecs_goods` WHERE is_delete = 0 AND goods_number <= warn_number AND is_real = 1

SELECT COUNT(*) FROM `ectwfxdb`.`ecs_goods` WHERE is_delete = 0 AND goods_number <= warn_number AND is_real=0 AND extension_code='virtual_card'

SELECT COUNT(*) FROM `ectwfxdb`.`ecs_stats` WHERE access_time > 1495612800

SELECT count(*) FROM `ectwfxdb`.`ecs_sessions`

SELECT COUNT(f.msg_id) FROM `ectwfxdb`.`ecs_feedback` AS f LEFT JOIN `ectwfxdb`.`ecs_feedback` AS r ON r.parent_id=f.msg_id WHERE f.parent_id=0 AND ISNULL(r.msg_id) 

SELECT COUNT(*) FROM `ectwfxdb`.`ecs_comment` WHERE status = 0 AND parent_id = 0

SELECT COUNT(*) FROM `ectwfxdb`.`ecs_booking_goods` WHERE is_dispose = 0

SELECT COUNT(*) FROM `ectwfxdb`.`ecs_user_account` WHERE process_type = 1 AND is_paid = 0 

SELECT userid, adminid, user_name, user_rank, discount, email, data, expiry FROM `ectwfxdb`.`ecs_sessions` WHERE sesskey = 'b0933a69a63be0a761d5695dc33faf42'

SELECT code, value FROM `ectwfxdb`.`ecs_shop_config` WHERE parent_id > 0

SELECT COUNT(*) AS oCount, IFNULL(SUM(order_amount), 0) AS oAmount FROM `ectwfxdb`.`ecs_order_info`

SELECT COUNT(*) FROM `ectwfxdb`.`ecs_goods` WHERE is_delete = 0 AND is_alone_sale = 1 AND is_real = 1

SELECT COUNT(*) FROM `ectwfxdb`.`ecs_users`

SELECT value FROM `ectwfxdb`.`ecs_shop_config` WHERE code = 'template'

SELECT value FROM `ectwfxdb`.`ecs_shop_config` WHERE code = 'stylename'

SELECT userid, adminid, user_name, user_rank, discount, email, data, expiry FROM `ectwfxdb`.`ecs_sessions` WHERE sesskey = 'b0933a69a63be0a761d5695dc33faf42'

SELECT code, value FROM `ectwfxdb`.`ecs_shop_config` WHERE parent_id > 0

SELECT COUNT(*) FROM `ectwfxdb`.`ecs_order_info` WHERE add_time >= '1495678468'

SELECT COUNT(*) FROM `ectwfxdb`.`ecs_order_info` WHERE pay_time >= 1495678468

UPDATE `ectwfxdb`.`ecs_sessions` SET expiry = '1495707311', ip = '127.0.0.1', userid = '0', adminid = '1', user_name='0', user_rank='0', discount='0', email='0', data = 'a:4:{s:10:\"admin_name\";s:5:\"admin\";s:11:\"action_list\";s:3:\"all\";s:10:\"last_check\";i:1495678511;s:12:\"suppliers_id\";s:1:\"0\";}' WHERE sesskey = 'b0933a69a63be0a761d5695dc33faf42' LIMIT 1

DELETE FROM `ectwfxdb`.`ecs_sessions_data` WHERE expiry < 1495705511

SELECT userid, adminid, user_name, user_rank, discount, email, data, expiry FROM `ectwfxdb`.`ecs_sessions` WHERE sesskey = 'b0933a69a63be0a761d5695dc33faf42'

SELECT code, value FROM `ectwfxdb`.`ecs_shop_config` WHERE parent_id > 0

SELECT * FROM `ectwfxdb`.`ecs_shop_config` WHERE type<>'hidden'   AND (parent_id<>'5' AND id<>'5') ORDER BY parent_id, sort_order, id

SELECT region_id, region_name FROM `ectwfxdb`.`ecs_region` WHERE region_type = '0' AND parent_id = '0'

SELECT region_id, region_name FROM `ectwfxdb`.`ecs_region` WHERE region_type = '1' AND parent_id = '1'

SELECT region_id, region_name FROM `ectwfxdb`.`ecs_region` WHERE region_type = '2' AND parent_id = '2'

DELETE FROM `ectwfxdb`.`ecs_sessions_data` WHERE expiry < 1495705513

SELECT userid, adminid, user_name, user_rank, discount, email, data, expiry FROM `ectwfxdb`.`ecs_sessions` WHERE sesskey = 'b0933a69a63be0a761d5695dc33faf42'

SELECT code, value FROM `ectwfxdb`.`ecs_shop_config` WHERE parent_id > 0

SELECT suppliers_id, suppliers_name, suppliers_desc
            FROM `ectwfxdb`.`ecs_suppliers`
            WHERE  is_check = 1 

SELECT c.cat_id, c.cat_name, c.measure_unit, c.parent_id, c.is_show, c.show_in_nav, c.grade, c.sort_order, COUNT(s.cat_id) AS has_children FROM `ectwfxdb`.`ecs_category` AS c LEFT JOIN `ectwfxdb`.`ecs_category` AS s ON s.parent_id=c.cat_id GROUP BY c.cat_id ORDER BY c.parent_id, c.sort_order ASC

SELECT cat_id, COUNT(*) AS goods_num  FROM `ectwfxdb`.`ecs_goods` WHERE is_delete = 0 AND is_on_sale = 1  GROUP BY cat_id

SELECT gc.cat_id, COUNT(*) AS goods_num  FROM `ectwfxdb`.`ecs_goods_cat` AS gc , `ectwfxdb`.`ecs_goods` AS g  WHERE g.goods_id = gc.goods_id AND g.is_delete = 0 AND g.is_on_sale = 1  GROUP BY gc.cat_id

SELECT brand_id, brand_name FROM `ectwfxdb`.`ecs_brand` ORDER BY sort_order

SELECT suppliers_id, suppliers_name, suppliers_desc
            FROM `ectwfxdb`.`ecs_suppliers`
            WHERE  is_check = 1 

SELECT COUNT(*) FROM `ectwfxdb`.`ecs_goods` AS g WHERE is_delete='0'  AND is_real='1'

SELECT goods_id, goods_name, goods_type, goods_sn, virtual_sales, shop_price, is_on_sale, is_best, is_new, is_hot, sort_order, goods_number, integral,  (promote_price > 0 AND promote_start_date <= '1495699199' AND promote_end_date >= '1495699199') AS is_promote  FROM `ectwfxdb`.`ecs_goods` AS g WHERE is_delete='0'  AND is_real='1' ORDER BY goods_id DESC  LIMIT 0,15

SELECT DISTINCT cat_id
            FROM `ectwfxdb`.`ecs_attribute`
            WHERE attr_type = 1

UPDATE `ectwfxdb`.`ecs_sessions` SET expiry = '1495707337', ip = '127.0.0.1', userid = '0', adminid = '1', user_name='0', user_rank='0', discount='0', email='0', data = 'a:4:{s:10:\"admin_name\";s:5:\"admin\";s:11:\"action_list\";s:3:\"all\";s:10:\"last_check\";i:1495678511;s:12:\"suppliers_id\";s:1:\"0\";}' WHERE sesskey = 'b0933a69a63be0a761d5695dc33faf42' LIMIT 1

DELETE FROM `ectwfxdb`.`ecs_sessions_data` WHERE expiry < 1495705537

SELECT userid, adminid, user_name, user_rank, discount, email, data, expiry FROM `ectwfxdb`.`ecs_sessions` WHERE sesskey = 'b0933a69a63be0a761d5695dc33faf42'

SELECT code, value FROM `ectwfxdb`.`ecs_shop_config` WHERE parent_id > 0

SELECT * FROM `ectwfxdb`.`ecs_shop_config` WHERE type<>'hidden'   AND (parent_id<>'5' AND id<>'5') ORDER BY parent_id, sort_order, id

SELECT region_id, region_name FROM `ectwfxdb`.`ecs_region` WHERE region_type = '0' AND parent_id = '0'

SELECT region_id, region_name FROM `ectwfxdb`.`ecs_region` WHERE region_type = '1' AND parent_id = '1'

SELECT region_id, region_name FROM `ectwfxdb`.`ecs_region` WHERE region_type = '2' AND parent_id = '2'

SELECT userid, adminid, user_name, user_rank, discount, email, data, expiry FROM `ectwfxdb`.`ecs_sessions` WHERE sesskey = 'b0933a69a63be0a761d5695dc33faf42'

SELECT code, value FROM `ectwfxdb`.`ecs_shop_config` WHERE parent_id > 0

SELECT suppliers_id, suppliers_name, suppliers_desc
            FROM `ectwfxdb`.`ecs_suppliers`
            WHERE  is_check = 1 

SELECT c.cat_id, c.cat_name, c.measure_unit, c.parent_id, c.is_show, c.show_in_nav, c.grade, c.sort_order, COUNT(s.cat_id) AS has_children FROM `ectwfxdb`.`ecs_category` AS c LEFT JOIN `ectwfxdb`.`ecs_category` AS s ON s.parent_id=c.cat_id GROUP BY c.cat_id ORDER BY c.parent_id, c.sort_order ASC

SELECT cat_id, COUNT(*) AS goods_num  FROM `ectwfxdb`.`ecs_goods` WHERE is_delete = 0 AND is_on_sale = 1  GROUP BY cat_id

SELECT gc.cat_id, COUNT(*) AS goods_num  FROM `ectwfxdb`.`ecs_goods_cat` AS gc , `ectwfxdb`.`ecs_goods` AS g  WHERE g.goods_id = gc.goods_id AND g.is_delete = 0 AND g.is_on_sale = 1  GROUP BY gc.cat_id

SELECT brand_id, brand_name FROM `ectwfxdb`.`ecs_brand` ORDER BY sort_order

SELECT suppliers_id, suppliers_name, suppliers_desc
            FROM `ectwfxdb`.`ecs_suppliers`
            WHERE  is_check = 1 

SELECT COUNT(*) FROM `ectwfxdb`.`ecs_goods` AS g WHERE is_delete='0'  AND is_real='1'

SELECT goods_id, goods_name, goods_type, goods_sn, virtual_sales, shop_price, is_on_sale, is_best, is_new, is_hot, sort_order, goods_number, integral,  (promote_price > 0 AND promote_start_date <= '1495699199' AND promote_end_date >= '1495699199') AS is_promote  FROM `ectwfxdb`.`ecs_goods` AS g WHERE is_delete='0'  AND is_real='1' ORDER BY goods_id DESC  LIMIT 0,15

SELECT DISTINCT cat_id
            FROM `ectwfxdb`.`ecs_attribute`
            WHERE attr_type = 1

DELETE FROM `ectwfxdb`.`ecs_sessions` WHERE expiry < 1495705546

SELECT userid, adminid, user_name, user_rank, discount, email, data, expiry FROM `ectwfxdb`.`ecs_sessions` WHERE sesskey = 'b0933a69a63be0a761d5695dc33faf42'

SELECT code, value FROM `ectwfxdb`.`ecs_shop_config` WHERE parent_id > 0

SELECT agency_id FROM `ectwfxdb`.`ecs_admin_user` WHERE user_id = '1'

SELECT COUNT(*) FROM `ectwfxdb`.`ecs_order_info` AS o WHERE 1 

SELECT o.order_id, o.order_sn, o.add_time, o.order_status, o.shipping_status, o.order_amount, o.money_paid,o.pay_status, o.consignee, o.address, o.email, o.tel, o.extension_code, o.extension_id, (   o.goods_amount + o.tax + o.shipping_fee + o.insure_fee + o.pay_fee + o.pack_fee + o.card_fee ) AS total_fee, IFNULL(u.user_name, '匿名用户') AS buyer  FROM `ectwfxdb`.`ecs_order_info` AS o  LEFT JOIN `ectwfxdb`.`ecs_users` AS u ON u.user_id=o.user_id WHERE 1  ORDER BY add_time DESC  LIMIT 0,15

UPDATE `ectwfxdb`.`ecs_sessions` SET expiry = '1495707347', ip = '127.0.0.1', userid = '0', adminid = '1', user_name='0', user_rank='0', discount='0', email='0', data = 'a:4:{s:10:\"admin_name\";s:5:\"admin\";s:11:\"action_list\";s:3:\"all\";s:10:\"last_check\";i:1495678511;s:12:\"suppliers_id\";s:1:\"0\";}' WHERE sesskey = 'b0933a69a63be0a761d5695dc33faf42' LIMIT 1

SELECT userid, adminid, user_name, user_rank, discount, email, data, expiry FROM `ectwfxdb`.`ecs_sessions` WHERE sesskey = 'b0933a69a63be0a761d5695dc33faf42'

SELECT code, value FROM `ectwfxdb`.`ecs_shop_config` WHERE parent_id > 0

SELECT rank_id, rank_name, min_points FROM `ectwfxdb`.`ecs_user_rank` ORDER BY min_points ASC 

SELECT COUNT(*) FROM `ectwfxdb`.`ecs_users` WHERE 1 

SELECT user_id, user_name,sex,birthday,mobile_phone,email, is_validated, user_money, frozen_money, rank_points, pay_points, reg_time  FROM `ectwfxdb`.`ecs_users` WHERE 1  ORDER by user_id DESC LIMIT 0,15

UPDATE `ectwfxdb`.`ecs_sessions` SET expiry = '1495707353', ip = '127.0.0.1', userid = '0', adminid = '1', user_name='0', user_rank='0', discount='0', email='0', data = 'a:5:{s:10:\"admin_name\";s:5:\"admin\";s:11:\"action_list\";s:3:\"all\";s:10:\"last_check\";i:1495678511;s:12:\"suppliers_id\";s:1:\"0\";s:9:\"user_list\";a:0:{}}' WHERE sesskey = 'b0933a69a63be0a761d5695dc33faf42' LIMIT 1

SELECT userid, adminid, user_name, user_rank, discount, email, data, expiry FROM `ectwfxdb`.`ecs_sessions` WHERE sesskey = 'b0933a69a63be0a761d5695dc33faf42'

SELECT code, value FROM `ectwfxdb`.`ecs_shop_config` WHERE parent_id > 0

SELECT * FROM `ectwfxdb`.`ecs_shop_config` WHERE type<>'hidden'   AND (parent_id<>'5' AND id<>'5') ORDER BY parent_id, sort_order, id

SELECT region_id, region_name FROM `ectwfxdb`.`ecs_region` WHERE region_type = '0' AND parent_id = '0'

SELECT region_id, region_name FROM `ectwfxdb`.`ecs_region` WHERE region_type = '1' AND parent_id = '1'

SELECT region_id, region_name FROM `ectwfxdb`.`ecs_region` WHERE region_type = '2' AND parent_id = '2'

SELECT userid, adminid, user_name, user_rank, discount, email, data, expiry FROM `ectwfxdb`.`ecs_sessions` WHERE sesskey = 'b0933a69a63be0a761d5695dc33faf42'

SELECT code, value FROM `ectwfxdb`.`ecs_shop_config` WHERE parent_id > 0

SELECT message_id, sender_id, receiver_id, sent_time, readed, deleted, title, message, user_name FROM `ectwfxdb`.`ecs_admin_message` AS a, `ectwfxdb`.`ecs_admin_user` AS b WHERE a.sender_id = b.user_id AND a.receiver_id = '1' AND a.readed = 0 AND deleted = 0 ORDER BY a.sent_time DESC

SELECT pay_id, is_cod FROM `ectwfxdb`.`ecs_payment` WHERE enabled = 1

SELECT COUNT(*) FROM `ectwfxdb`.`ecs_order_info` WHERE 1  AND order_status  IN ('1','5')  AND shipping_status  IN ('1','2')  AND pay_status  IN ('2','1')  

SELECT pay_id FROM `ectwfxdb`.`ecs_payment` WHERE is_cod = 1

SELECT COUNT(*) FROM `ectwfxdb`.`ecs_order_info` WHERE 1  AND   order_status  IN ('1','5','6')  AND   shipping_status  IN ('0','3','5')  AND ( pay_status  IN ('2','1')  OR pay_id  IN ('') ) 

SELECT pay_id FROM `ectwfxdb`.`ecs_payment` WHERE is_cod = 0

SELECT COUNT(*) FROM `ectwfxdb`.`ecs_order_info` WHERE 1  AND   order_status  IN ('1','5')  AND   pay_status = '0' AND ( shipping_status  IN ('1','2')  OR pay_id  IN ('1') ) 

SELECT COUNT(*) FROM `ectwfxdb`.`ecs_order_info` WHERE 1  AND order_status = '0' 

SELECT COUNT(*) FROM `ectwfxdb`.`ecs_order_info` WHERE  shipping_status=4

SELECT COUNT(*) AS oCount, IFNULL(SUM(order_amount), 0) AS oAmount FROM `ectwfxdb`.`ecs_order_info`

SELECT COUNT(*) FROM `ectwfxdb`.`ecs_goods` WHERE is_delete = 0 AND is_alone_sale = 1 AND is_real = 1

SELECT COUNT(*) FROM `ectwfxdb`.`ecs_goods` WHERE is_delete = 0 AND is_alone_sale = 1 AND is_real=0 AND extension_code='virtual_card'

SELECT COUNT(*) FROM `ectwfxdb`.`ecs_goods` WHERE is_delete = 0 AND is_new = 1 AND is_real = 1

SELECT COUNT(*) FROM `ectwfxdb`.`ecs_goods` WHERE is_delete = 0 AND is_new = 1 AND is_real=0 AND extension_code='virtual_card'

SELECT COUNT(*) FROM `ectwfxdb`.`ecs_goods` WHERE is_delete = 0 AND is_best = 1 AND is_real = 1

SELECT COUNT(*) FROM `ectwfxdb`.`ecs_goods` WHERE is_delete = 0 AND is_best = 1 AND is_real=0 AND extension_code='virtual_card'

SELECT COUNT(*) FROM `ectwfxdb`.`ecs_goods` WHERE is_delete = 0 AND is_hot = 1 AND is_real = 1

SELECT COUNT(*) FROM `ectwfxdb`.`ecs_goods` WHERE is_delete = 0 AND is_hot = 1 AND is_real=0 AND extension_code='virtual_card'

SELECT COUNT(*) FROM `ectwfxdb`.`ecs_goods` WHERE is_delete = 0 AND promote_price>0 AND promote_start_date <= '1495678556' AND promote_end_date >= '1495678556' AND is_real = 1

SELECT COUNT(*) FROM `ectwfxdb`.`ecs_goods` WHERE is_delete = 0 AND promote_price>0 AND promote_start_date <= '1495678556' AND promote_end_date >= '1495678556' AND is_real=0 AND extension_code='virtual_card'

SELECT COUNT(*) FROM `ectwfxdb`.`ecs_goods` WHERE is_delete = 0 AND goods_number <= warn_number AND is_real = 1

SELECT COUNT(*) FROM `ectwfxdb`.`ecs_goods` WHERE is_delete = 0 AND goods_number <= warn_number AND is_real=0 AND extension_code='virtual_card'

SELECT COUNT(*) FROM `ectwfxdb`.`ecs_stats` WHERE access_time > 1495612800

SELECT count(*) FROM `ectwfxdb`.`ecs_sessions`

SELECT COUNT(f.msg_id) FROM `ectwfxdb`.`ecs_feedback` AS f LEFT JOIN `ectwfxdb`.`ecs_feedback` AS r ON r.parent_id=f.msg_id WHERE f.parent_id=0 AND ISNULL(r.msg_id) 

SELECT COUNT(*) FROM `ectwfxdb`.`ecs_comment` WHERE status = 0 AND parent_id = 0

SELECT COUNT(*) FROM `ectwfxdb`.`ecs_booking_goods` WHERE is_dispose = 0

SELECT COUNT(*) FROM `ectwfxdb`.`ecs_user_account` WHERE process_type = 1 AND is_paid = 0 

DELETE FROM `ectwfxdb`.`ecs_sessions` WHERE expiry < 1495705556

SELECT userid, adminid, user_name, user_rank, discount, email, data, expiry FROM `ectwfxdb`.`ecs_sessions` WHERE sesskey = 'b0933a69a63be0a761d5695dc33faf42'

SELECT code, value FROM `ectwfxdb`.`ecs_shop_config` WHERE parent_id > 0

SELECT COUNT(*) AS oCount, IFNULL(SUM(order_amount), 0) AS oAmount FROM `ectwfxdb`.`ecs_order_info`

SELECT COUNT(*) FROM `ectwfxdb`.`ecs_goods` WHERE is_delete = 0 AND is_alone_sale = 1 AND is_real = 1

SELECT COUNT(*) FROM `ectwfxdb`.`ecs_users`

SELECT value FROM `ectwfxdb`.`ecs_shop_config` WHERE code = 'template'

SELECT value FROM `ectwfxdb`.`ecs_shop_config` WHERE code = 'stylename'

SELECT userid, adminid, user_name, user_rank, discount, email, data, expiry FROM `ectwfxdb`.`ecs_sessions` WHERE sesskey = 'b0933a69a63be0a761d5695dc33faf42'

SELECT code, value FROM `ectwfxdb`.`ecs_shop_config` WHERE parent_id > 0

SELECT * FROM `ectwfxdb`.`ecs_shop_config` WHERE type<>'hidden'   AND (parent_id<>'5' AND id<>'5') ORDER BY parent_id, sort_order, id

SELECT region_id, region_name FROM `ectwfxdb`.`ecs_region` WHERE region_type = '0' AND parent_id = '0'

SELECT region_id, region_name FROM `ectwfxdb`.`ecs_region` WHERE region_type = '1' AND parent_id = '1'

SELECT region_id, region_name FROM `ectwfxdb`.`ecs_region` WHERE region_type = '2' AND parent_id = '2'

DELETE FROM `ectwfxdb`.`ecs_sessions` WHERE expiry < 1495705558

DELETE FROM `ectwfxdb`.`ecs_sessions` WHERE expiry < 1495705558

SELECT userid, adminid, user_name, user_rank, discount, email, data, expiry FROM `ectwfxdb`.`ecs_sessions` WHERE sesskey = '5c4e6664c0233c7fb328b1f7acba94c5'

SELECT code, value FROM `ectwfxdb`.`ecs_shop_config` WHERE parent_id > 0

SELECT COUNT(*) FROM `ectwfxdb`.`ecs_order_info` WHERE add_time >= '1495678470'

SELECT COUNT(*) FROM `ectwfxdb`.`ecs_order_info` WHERE pay_time >= 1495678470

UPDATE `ectwfxdb`.`ecs_sessions` SET expiry = '1495707467', ip = '0.0.0.0', userid = '0', adminid = '1', user_name='0', user_rank='0', discount='0', email='0', data = 'a:4:{s:10:\"admin_name\";s:5:\"admin\";s:11:\"action_list\";s:3:\"all\";s:10:\"last_check\";i:1495678667;s:12:\"suppliers_id\";s:1:\"0\";}' WHERE sesskey = '5c4e6664c0233c7fb328b1f7acba94c5' LIMIT 1

SELECT userid, adminid, user_name, user_rank, discount, email, data, expiry FROM `ectwfxdb`.`ecs_sessions` WHERE sesskey = '5c4e6664c0233c7fb328b1f7acba94c5'

SELECT code, value FROM `ectwfxdb`.`ecs_shop_config` WHERE parent_id > 0

DELETE FROM `ectwfxdb`.`ecs_sessions_data` WHERE expiry < 1495705670

DELETE FROM `ectwfxdb`.`ecs_sessions` WHERE expiry < 1495705670

SELECT userid, adminid, user_name, user_rank, discount, email, data, expiry FROM `ectwfxdb`.`ecs_sessions` WHERE sesskey = '5c4e6664c0233c7fb328b1f7acba94c5'

SELECT code, value FROM `ectwfxdb`.`ecs_shop_config` WHERE parent_id > 0

SELECT message_id, sender_id, receiver_id, sent_time, readed, deleted, title, message, user_name FROM `ectwfxdb`.`ecs_admin_message` AS a, `ectwfxdb`.`ecs_admin_user` AS b WHERE a.sender_id = b.user_id AND a.receiver_id = '1' AND a.readed = 0 AND deleted = 0 ORDER BY a.sent_time DESC

SELECT pay_id, is_cod FROM `ectwfxdb`.`ecs_payment` WHERE enabled = 1

SELECT COUNT(*) FROM `ectwfxdb`.`ecs_order_info` WHERE 1  AND order_status  IN ('1','5')  AND shipping_status  IN ('1','2')  AND pay_status  IN ('2','1')  

SELECT pay_id FROM `ectwfxdb`.`ecs_payment` WHERE is_cod = 1

SELECT COUNT(*) FROM `ectwfxdb`.`ecs_order_info` WHERE 1  AND   order_status  IN ('1','5','6')  AND   shipping_status  IN ('0','3','5')  AND ( pay_status  IN ('2','1')  OR pay_id  IN ('') ) 

SELECT pay_id FROM `ectwfxdb`.`ecs_payment` WHERE is_cod = 0

SELECT COUNT(*) FROM `ectwfxdb`.`ecs_order_info` WHERE 1  AND   order_status  IN ('1','5')  AND   pay_status = '0' AND ( shipping_status  IN ('1','2')  OR pay_id  IN ('1') ) 

SELECT COUNT(*) FROM `ectwfxdb`.`ecs_order_info` WHERE 1  AND order_status = '0' 

SELECT COUNT(*) FROM `ectwfxdb`.`ecs_order_info` WHERE  shipping_status=4

SELECT COUNT(*) AS oCount, IFNULL(SUM(order_amount), 0) AS oAmount FROM `ectwfxdb`.`ecs_order_info`

SELECT COUNT(*) FROM `ectwfxdb`.`ecs_goods` WHERE is_delete = 0 AND is_alone_sale = 1 AND is_real = 1

SELECT COUNT(*) FROM `ectwfxdb`.`ecs_goods` WHERE is_delete = 0 AND is_alone_sale = 1 AND is_real=0 AND extension_code='virtual_card'

SELECT COUNT(*) FROM `ectwfxdb`.`ecs_goods` WHERE is_delete = 0 AND is_new = 1 AND is_real = 1

SELECT COUNT(*) FROM `ectwfxdb`.`ecs_goods` WHERE is_delete = 0 AND is_new = 1 AND is_real=0 AND extension_code='virtual_card'

SELECT COUNT(*) FROM `ectwfxdb`.`ecs_goods` WHERE is_delete = 0 AND is_best = 1 AND is_real = 1

SELECT COUNT(*) FROM `ectwfxdb`.`ecs_goods` WHERE is_delete = 0 AND is_best = 1 AND is_real=0 AND extension_code='virtual_card'

SELECT COUNT(*) FROM `ectwfxdb`.`ecs_goods` WHERE is_delete = 0 AND is_hot = 1 AND is_real = 1

SELECT COUNT(*) FROM `ectwfxdb`.`ecs_goods` WHERE is_delete = 0 AND is_hot = 1 AND is_real=0 AND extension_code='virtual_card'

SELECT COUNT(*) FROM `ectwfxdb`.`ecs_goods` WHERE is_delete = 0 AND promote_price>0 AND promote_start_date <= '1495678670' AND promote_end_date >= '1495678670' AND is_real = 1

SELECT COUNT(*) FROM `ectwfxdb`.`ecs_goods` WHERE is_delete = 0 AND promote_price>0 AND promote_start_date <= '1495678670' AND promote_end_date >= '1495678670' AND is_real=0 AND extension_code='virtual_card'

SELECT COUNT(*) FROM `ectwfxdb`.`ecs_goods` WHERE is_delete = 0 AND goods_number <= warn_number AND is_real = 1

SELECT COUNT(*) FROM `ectwfxdb`.`ecs_goods` WHERE is_delete = 0 AND goods_number <= warn_number AND is_real=0 AND extension_code='virtual_card'

SELECT COUNT(*) FROM `ectwfxdb`.`ecs_stats` WHERE access_time > 1495612800

SELECT count(*) FROM `ectwfxdb`.`ecs_sessions`

SELECT COUNT(f.msg_id) FROM `ectwfxdb`.`ecs_feedback` AS f LEFT JOIN `ectwfxdb`.`ecs_feedback` AS r ON r.parent_id=f.msg_id WHERE f.parent_id=0 AND ISNULL(r.msg_id) 

SELECT COUNT(*) FROM `ectwfxdb`.`ecs_comment` WHERE status = 0 AND parent_id = 0

SELECT COUNT(*) FROM `ectwfxdb`.`ecs_booking_goods` WHERE is_dispose = 0

SELECT COUNT(*) FROM `ectwfxdb`.`ecs_user_account` WHERE process_type = 1 AND is_paid = 0 

DELETE FROM `ectwfxdb`.`ecs_sessions` WHERE expiry < 1495705670

SELECT userid, adminid, user_name, user_rank, discount, email, data, expiry FROM `ectwfxdb`.`ecs_sessions` WHERE sesskey = '5c4e6664c0233c7fb328b1f7acba94c5'

SELECT code, value FROM `ectwfxdb`.`ecs_shop_config` WHERE parent_id > 0

SELECT COUNT(*) AS oCount, IFNULL(SUM(order_amount), 0) AS oAmount FROM `ectwfxdb`.`ecs_order_info`

SELECT COUNT(*) FROM `ectwfxdb`.`ecs_goods` WHERE is_delete = 0 AND is_alone_sale = 1 AND is_real = 1

SELECT COUNT(*) FROM `ectwfxdb`.`ecs_users`

SELECT value FROM `ectwfxdb`.`ecs_shop_config` WHERE code = 'template'

SELECT value FROM `ectwfxdb`.`ecs_shop_config` WHERE code = 'stylename'

SELECT userid, adminid, user_name, user_rank, discount, email, data, expiry FROM `ectwfxdb`.`ecs_sessions` WHERE sesskey = '5c4e6664c0233c7fb328b1f7acba94c5'

SELECT code, value FROM `ectwfxdb`.`ecs_shop_config` WHERE parent_id > 0

DELETE FROM `ectwfxdb`.`ecs_sessions_data` WHERE expiry < 1495705673

SELECT userid, adminid, user_name, user_rank, discount, email, data, expiry FROM `ectwfxdb`.`ecs_sessions` WHERE sesskey = '5c4e6664c0233c7fb328b1f7acba94c5'

SELECT code, value FROM `ectwfxdb`.`ecs_shop_config` WHERE parent_id > 0

SELECT COUNT(*) AS oCount, IFNULL(SUM(order_amount), 0) AS oAmount FROM `ectwfxdb`.`ecs_order_info`

SELECT COUNT(*) FROM `ectwfxdb`.`ecs_goods` WHERE is_delete = 0 AND is_alone_sale = 1 AND is_real = 1

SELECT COUNT(*) FROM `ectwfxdb`.`ecs_users`

SELECT value FROM `ectwfxdb`.`ecs_shop_config` WHERE code = 'template'

SELECT value FROM `ectwfxdb`.`ecs_shop_config` WHERE code = 'stylename'

SELECT userid, adminid, user_name, user_rank, discount, email, data, expiry FROM `ectwfxdb`.`ecs_sessions` WHERE sesskey = '5c4e6664c0233c7fb328b1f7acba94c5'

SELECT code, value FROM `ectwfxdb`.`ecs_shop_config` WHERE parent_id > 0

SELECT * FROM `ectwfxdb`.`ecs_shop_config` WHERE type<>'hidden'   AND (parent_id<>'5' AND id<>'5') ORDER BY parent_id, sort_order, id

SELECT region_id, region_name FROM `ectwfxdb`.`ecs_region` WHERE region_type = '0' AND parent_id = '0'

SELECT region_id, region_name FROM `ectwfxdb`.`ecs_region` WHERE region_type = '1' AND parent_id = '1'

SELECT region_id, region_name FROM `ectwfxdb`.`ecs_region` WHERE region_type = '2' AND parent_id = '2'

UPDATE `ectwfxdb`.`ecs_sessions` SET expiry = '1495707477', ip = '0.0.0.0', userid = '0', adminid = '1', user_name='0', user_rank='0', discount='0', email='0', data = 'a:4:{s:10:\"admin_name\";s:5:\"admin\";s:11:\"action_list\";s:3:\"all\";s:10:\"last_check\";i:1495678667;s:12:\"suppliers_id\";s:1:\"0\";}' WHERE sesskey = '5c4e6664c0233c7fb328b1f7acba94c5' LIMIT 1

DELETE FROM `ectwfxdb`.`ecs_sessions_data` WHERE expiry < 1495705677

UPDATE `ectwfxdb`.`ecs_sessions` SET expiry = '1495707478', ip = '0.0.0.0', userid = '0', adminid = '1', user_name='0', user_rank='0', discount='0', email='0', data = 'a:4:{s:10:\"admin_name\";s:5:\"admin\";s:11:\"action_list\";s:3:\"all\";s:10:\"last_check\";i:1495678667;s:12:\"suppliers_id\";s:1:\"0\";}' WHERE sesskey = '5c4e6664c0233c7fb328b1f7acba94c5' LIMIT 1

DELETE FROM `ectwfxdb`.`ecs_sessions_data` WHERE expiry < 1495705678

DELETE FROM `ectwfxdb`.`ecs_sessions` WHERE expiry < 1495705678

SELECT userid, adminid, user_name, user_rank, discount, email, data, expiry FROM `ectwfxdb`.`ecs_sessions` WHERE sesskey = 'b0933a69a63be0a761d5695dc33faf42'

SELECT code, value FROM `ectwfxdb`.`ecs_shop_config` WHERE parent_id > 0

SELECT COUNT(*) FROM `ectwfxdb`.`ecs_order_info` WHERE add_time >= '1495678511'

SELECT COUNT(*) FROM `ectwfxdb`.`ecs_order_info` WHERE pay_time >= 1495678511

UPDATE `ectwfxdb`.`ecs_sessions` SET expiry = '1495707538', ip = '127.0.0.1', userid = '0', adminid = '1', user_name='0', user_rank='0', discount='0', email='0', data = 'a:5:{s:10:\"admin_name\";s:5:\"admin\";s:11:\"action_list\";s:3:\"all\";s:10:\"last_check\";i:1495678738;s:12:\"suppliers_id\";s:1:\"0\";s:9:\"user_list\";a:0:{}}' WHERE sesskey = 'b0933a69a63be0a761d5695dc33faf42' LIMIT 1

DELETE FROM `ectwfxdb`.`ecs_sessions_data` WHERE expiry < 1495705738

DELETE FROM `ectwfxdb`.`ecs_sessions` WHERE expiry < 1495705738

SELECT userid, adminid, user_name, user_rank, discount, email, data, expiry FROM `ectwfxdb`.`ecs_sessions` WHERE sesskey = '5c4e6664c0233c7fb328b1f7acba94c5'

SELECT code, value FROM `ectwfxdb`.`ecs_shop_config` WHERE parent_id > 0

UPDATE `ectwfxdb`.`ecs_sessions` SET expiry = '1495707600', ip = '0.0.0.0', userid = '0', adminid = '1', user_name='0', user_rank='0', discount='0', email='0', data = 'a:4:{s:10:\"admin_name\";s:5:\"admin\";s:11:\"action_list\";s:3:\"all\";s:10:\"last_check\";i:1495678667;s:12:\"suppliers_id\";s:1:\"0\";}' WHERE sesskey = '5c4e6664c0233c7fb328b1f7acba94c5' LIMIT 1

DELETE FROM `ectwfxdb`.`ecs_sessions_data` WHERE expiry < 1495705800

DELETE FROM `ectwfxdb`.`ecs_sessions` WHERE expiry < 1495705800

SELECT userid, adminid, user_name, user_rank, discount, email, data, expiry FROM `ectwfxdb`.`ecs_sessions` WHERE sesskey = '5c4e6664c0233c7fb328b1f7acba94c5'

SELECT code, value FROM `ectwfxdb`.`ecs_shop_config` WHERE parent_id > 0

SELECT message_id, sender_id, receiver_id, sent_time, readed, deleted, title, message, user_name FROM `ectwfxdb`.`ecs_admin_message` AS a, `ectwfxdb`.`ecs_admin_user` AS b WHERE a.sender_id = b.user_id AND a.receiver_id = '1' AND a.readed = 0 AND deleted = 0 ORDER BY a.sent_time DESC

SELECT pay_id, is_cod FROM `ectwfxdb`.`ecs_payment` WHERE enabled = 1

SELECT COUNT(*) FROM `ectwfxdb`.`ecs_order_info` WHERE 1  AND order_status  IN ('1','5')  AND shipping_status  IN ('1','2')  AND pay_status  IN ('2','1')  

SELECT pay_id FROM `ectwfxdb`.`ecs_payment` WHERE is_cod = 1

SELECT COUNT(*) FROM `ectwfxdb`.`ecs_order_info` WHERE 1  AND   order_status  IN ('1','5','6')  AND   shipping_status  IN ('0','3','5')  AND ( pay_status  IN ('2','1')  OR pay_id  IN ('') ) 

SELECT pay_id FROM `ectwfxdb`.`ecs_payment` WHERE is_cod = 0

SELECT COUNT(*) FROM `ectwfxdb`.`ecs_order_info` WHERE 1  AND   order_status  IN ('1','5')  AND   pay_status = '0' AND ( shipping_status  IN ('1','2')  OR pay_id  IN ('1') ) 

SELECT COUNT(*) FROM `ectwfxdb`.`ecs_order_info` WHERE 1  AND order_status = '0' 

SELECT COUNT(*) FROM `ectwfxdb`.`ecs_order_info` WHERE  shipping_status=4

SELECT COUNT(*) AS oCount, IFNULL(SUM(order_amount), 0) AS oAmount FROM `ectwfxdb`.`ecs_order_info`

SELECT COUNT(*) FROM `ectwfxdb`.`ecs_goods` WHERE is_delete = 0 AND is_alone_sale = 1 AND is_real = 1

SELECT COUNT(*) FROM `ectwfxdb`.`ecs_goods` WHERE is_delete = 0 AND is_alone_sale = 1 AND is_real=0 AND extension_code='virtual_card'

SELECT COUNT(*) FROM `ectwfxdb`.`ecs_goods` WHERE is_delete = 0 AND is_new = 1 AND is_real = 1

SELECT COUNT(*) FROM `ectwfxdb`.`ecs_goods` WHERE is_delete = 0 AND is_new = 1 AND is_real=0 AND extension_code='virtual_card'

SELECT COUNT(*) FROM `ectwfxdb`.`ecs_goods` WHERE is_delete = 0 AND is_best = 1 AND is_real = 1

SELECT COUNT(*) FROM `ectwfxdb`.`ecs_goods` WHERE is_delete = 0 AND is_best = 1 AND is_real=0 AND extension_code='virtual_card'

SELECT COUNT(*) FROM `ectwfxdb`.`ecs_goods` WHERE is_delete = 0 AND is_hot = 1 AND is_real = 1

SELECT COUNT(*) FROM `ectwfxdb`.`ecs_goods` WHERE is_delete = 0 AND is_hot = 1 AND is_real=0 AND extension_code='virtual_card'

SELECT COUNT(*) FROM `ectwfxdb`.`ecs_goods` WHERE is_delete = 0 AND promote_price>0 AND promote_start_date <= '1495678801' AND promote_end_date >= '1495678801' AND is_real = 1

SELECT COUNT(*) FROM `ectwfxdb`.`ecs_goods` WHERE is_delete = 0 AND promote_price>0 AND promote_start_date <= '1495678801' AND promote_end_date >= '1495678801' AND is_real=0 AND extension_code='virtual_card'

SELECT COUNT(*) FROM `ectwfxdb`.`ecs_goods` WHERE is_delete = 0 AND goods_number <= warn_number AND is_real = 1

SELECT COUNT(*) FROM `ectwfxdb`.`ecs_goods` WHERE is_delete = 0 AND goods_number <= warn_number AND is_real=0 AND extension_code='virtual_card'

SELECT COUNT(*) FROM `ectwfxdb`.`ecs_stats` WHERE access_time > 1495612800

SELECT count(*) FROM `ectwfxdb`.`ecs_sessions`

SELECT COUNT(f.msg_id) FROM `ectwfxdb`.`ecs_feedback` AS f LEFT JOIN `ectwfxdb`.`ecs_feedback` AS r ON r.parent_id=f.msg_id WHERE f.parent_id=0 AND ISNULL(r.msg_id) 

SELECT COUNT(*) FROM `ectwfxdb`.`ecs_comment` WHERE status = 0 AND parent_id = 0

SELECT COUNT(*) FROM `ectwfxdb`.`ecs_booking_goods` WHERE is_dispose = 0

SELECT COUNT(*) FROM `ectwfxdb`.`ecs_user_account` WHERE process_type = 1 AND is_paid = 0 

SELECT userid, adminid, user_name, user_rank, discount, email, data, expiry FROM `ectwfxdb`.`ecs_sessions` WHERE sesskey = '5c4e6664c0233c7fb328b1f7acba94c5'

SELECT code, value FROM `ectwfxdb`.`ecs_shop_config` WHERE parent_id > 0

SELECT COUNT(*) AS oCount, IFNULL(SUM(order_amount), 0) AS oAmount FROM `ectwfxdb`.`ecs_order_info`

SELECT COUNT(*) FROM `ectwfxdb`.`ecs_goods` WHERE is_delete = 0 AND is_alone_sale = 1 AND is_real = 1

SELECT COUNT(*) FROM `ectwfxdb`.`ecs_users`

SELECT value FROM `ectwfxdb`.`ecs_shop_config` WHERE code = 'template'

SELECT value FROM `ectwfxdb`.`ecs_shop_config` WHERE code = 'stylename'

SELECT userid, adminid, user_name, user_rank, discount, email, data, expiry FROM `ectwfxdb`.`ecs_sessions` WHERE sesskey = '5c4e6664c0233c7fb328b1f7acba94c5'

SELECT code, value FROM `ectwfxdb`.`ecs_shop_config` WHERE parent_id > 0

DELETE FROM `ectwfxdb`.`ecs_sessions` WHERE expiry < 1495705804

SELECT userid, adminid, user_name, user_rank, discount, email, data, expiry FROM `ectwfxdb`.`ecs_sessions` WHERE sesskey = '5c4e6664c0233c7fb328b1f7acba94c5'

SELECT code, value FROM `ectwfxdb`.`ecs_shop_config` WHERE parent_id > 0

SELECT COUNT(*) AS oCount, IFNULL(SUM(order_amount), 0) AS oAmount FROM `ectwfxdb`.`ecs_order_info`

SELECT COUNT(*) FROM `ectwfxdb`.`ecs_goods` WHERE is_delete = 0 AND is_alone_sale = 1 AND is_real = 1

SELECT COUNT(*) FROM `ectwfxdb`.`ecs_users`

SELECT value FROM `ectwfxdb`.`ecs_shop_config` WHERE code = 'template'

SELECT value FROM `ectwfxdb`.`ecs_shop_config` WHERE code = 'stylename'

SELECT userid, adminid, user_name, user_rank, discount, email, data, expiry FROM `ectwfxdb`.`ecs_sessions` WHERE sesskey = '5c4e6664c0233c7fb328b1f7acba94c5'

SELECT code, value FROM `ectwfxdb`.`ecs_shop_config` WHERE parent_id > 0

SELECT message_id, sender_id, receiver_id, sent_time, readed, deleted, title, message, user_name FROM `ectwfxdb`.`ecs_admin_message` AS a, `ectwfxdb`.`ecs_admin_user` AS b WHERE a.sender_id = b.user_id AND a.receiver_id = '1' AND a.readed = 0 AND deleted = 0 ORDER BY a.sent_time DESC

SELECT pay_id, is_cod FROM `ectwfxdb`.`ecs_payment` WHERE enabled = 1

SELECT COUNT(*) FROM `ectwfxdb`.`ecs_order_info` WHERE 1  AND order_status  IN ('1','5')  AND shipping_status  IN ('1','2')  AND pay_status  IN ('2','1')  

SELECT pay_id FROM `ectwfxdb`.`ecs_payment` WHERE is_cod = 1

SELECT COUNT(*) FROM `ectwfxdb`.`ecs_order_info` WHERE 1  AND   order_status  IN ('1','5','6')  AND   shipping_status  IN ('0','3','5')  AND ( pay_status  IN ('2','1')  OR pay_id  IN ('') ) 

SELECT pay_id FROM `ectwfxdb`.`ecs_payment` WHERE is_cod = 0

SELECT COUNT(*) FROM `ectwfxdb`.`ecs_order_info` WHERE 1  AND   order_status  IN ('1','5')  AND   pay_status = '0' AND ( shipping_status  IN ('1','2')  OR pay_id  IN ('1') ) 

SELECT COUNT(*) FROM `ectwfxdb`.`ecs_order_info` WHERE 1  AND order_status = '0' 

SELECT COUNT(*) FROM `ectwfxdb`.`ecs_order_info` WHERE  shipping_status=4

SELECT COUNT(*) AS oCount, IFNULL(SUM(order_amount), 0) AS oAmount FROM `ectwfxdb`.`ecs_order_info`

SELECT COUNT(*) FROM `ectwfxdb`.`ecs_goods` WHERE is_delete = 0 AND is_alone_sale = 1 AND is_real = 1

SELECT COUNT(*) FROM `ectwfxdb`.`ecs_goods` WHERE is_delete = 0 AND is_alone_sale = 1 AND is_real=0 AND extension_code='virtual_card'

SELECT COUNT(*) FROM `ectwfxdb`.`ecs_goods` WHERE is_delete = 0 AND is_new = 1 AND is_real = 1

SELECT COUNT(*) FROM `ectwfxdb`.`ecs_goods` WHERE is_delete = 0 AND is_new = 1 AND is_real=0 AND extension_code='virtual_card'

SELECT COUNT(*) FROM `ectwfxdb`.`ecs_goods` WHERE is_delete = 0 AND is_best = 1 AND is_real = 1

SELECT COUNT(*) FROM `ectwfxdb`.`ecs_goods` WHERE is_delete = 0 AND is_best = 1 AND is_real=0 AND extension_code='virtual_card'

SELECT COUNT(*) FROM `ectwfxdb`.`ecs_goods` WHERE is_delete = 0 AND is_hot = 1 AND is_real = 1

SELECT COUNT(*) FROM `ectwfxdb`.`ecs_goods` WHERE is_delete = 0 AND is_hot = 1 AND is_real=0 AND extension_code='virtual_card'

SELECT COUNT(*) FROM `ectwfxdb`.`ecs_goods` WHERE is_delete = 0 AND promote_price>0 AND promote_start_date <= '1495678809' AND promote_end_date >= '1495678809' AND is_real = 1

SELECT COUNT(*) FROM `ectwfxdb`.`ecs_goods` WHERE is_delete = 0 AND promote_price>0 AND promote_start_date <= '1495678809' AND promote_end_date >= '1495678809' AND is_real=0 AND extension_code='virtual_card'

SELECT COUNT(*) FROM `ectwfxdb`.`ecs_goods` WHERE is_delete = 0 AND goods_number <= warn_number AND is_real = 1

SELECT COUNT(*) FROM `ectwfxdb`.`ecs_goods` WHERE is_delete = 0 AND goods_number <= warn_number AND is_real=0 AND extension_code='virtual_card'

SELECT COUNT(*) FROM `ectwfxdb`.`ecs_stats` WHERE access_time > 1495612800

SELECT count(*) FROM `ectwfxdb`.`ecs_sessions`

SELECT COUNT(f.msg_id) FROM `ectwfxdb`.`ecs_feedback` AS f LEFT JOIN `ectwfxdb`.`ecs_feedback` AS r ON r.parent_id=f.msg_id WHERE f.parent_id=0 AND ISNULL(r.msg_id) 

SELECT COUNT(*) FROM `ectwfxdb`.`ecs_comment` WHERE status = 0 AND parent_id = 0

SELECT COUNT(*) FROM `ectwfxdb`.`ecs_booking_goods` WHERE is_dispose = 0

SELECT COUNT(*) FROM `ectwfxdb`.`ecs_user_account` WHERE process_type = 1 AND is_paid = 0 

SELECT userid, adminid, user_name, user_rank, discount, email, data, expiry FROM `ectwfxdb`.`ecs_sessions` WHERE sesskey = '5c4e6664c0233c7fb328b1f7acba94c5'

SELECT code, value FROM `ectwfxdb`.`ecs_shop_config` WHERE parent_id > 0

SELECT COUNT(*) AS oCount, IFNULL(SUM(order_amount), 0) AS oAmount FROM `ectwfxdb`.`ecs_order_info`

SELECT COUNT(*) FROM `ectwfxdb`.`ecs_goods` WHERE is_delete = 0 AND is_alone_sale = 1 AND is_real = 1

SELECT COUNT(*) FROM `ectwfxdb`.`ecs_users`

SELECT value FROM `ectwfxdb`.`ecs_shop_config` WHERE code = 'template'

SELECT value FROM `ectwfxdb`.`ecs_shop_config` WHERE code = 'stylename'

UPDATE `ectwfxdb`.`ecs_sessions` SET expiry = '1495707610', ip = '0.0.0.0', userid = '0', adminid = '1', user_name='0', user_rank='0', discount='0', email='0', data = 'a:4:{s:10:\"admin_name\";s:5:\"admin\";s:11:\"action_list\";s:3:\"all\";s:10:\"last_check\";i:1495678667;s:12:\"suppliers_id\";s:1:\"0\";}' WHERE sesskey = '5c4e6664c0233c7fb328b1f7acba94c5' LIMIT 1

DELETE FROM `ectwfxdb`.`ecs_sessions` WHERE expiry < 1495705810

SELECT userid, adminid, user_name, user_rank, discount, email, data, expiry FROM `ectwfxdb`.`ecs_sessions` WHERE sesskey = '5c4e6664c0233c7fb328b1f7acba94c5'

SELECT code, value FROM `ectwfxdb`.`ecs_shop_config` WHERE parent_id > 0

SELECT * FROM `ectwfxdb`.`ecs_shop_config` WHERE type<>'hidden'   AND (parent_id<>'5' AND id<>'5') ORDER BY parent_id, sort_order, id

SELECT region_id, region_name FROM `ectwfxdb`.`ecs_region` WHERE region_type = '0' AND parent_id = '0'

SELECT region_id, region_name FROM `ectwfxdb`.`ecs_region` WHERE region_type = '1' AND parent_id = '1'

SELECT region_id, region_name FROM `ectwfxdb`.`ecs_region` WHERE region_type = '2' AND parent_id = '2'

UPDATE `ectwfxdb`.`ecs_sessions` SET expiry = '1495707612', ip = '0.0.0.0', userid = '0', adminid = '1', user_name='0', user_rank='0', discount='0', email='0', data = 'a:4:{s:10:\"admin_name\";s:5:\"admin\";s:11:\"action_list\";s:3:\"all\";s:10:\"last_check\";i:1495678667;s:12:\"suppliers_id\";s:1:\"0\";}' WHERE sesskey = '5c4e6664c0233c7fb328b1f7acba94c5' LIMIT 1

DELETE FROM `ectwfxdb`.`ecs_sessions_data` WHERE expiry < 1495705812

DELETE FROM `ectwfxdb`.`ecs_sessions` WHERE expiry < 1495705812

SELECT userid, adminid, user_name, user_rank, discount, email, data, expiry FROM `ectwfxdb`.`ecs_sessions` WHERE sesskey = '5c4e6664c0233c7fb328b1f7acba94c5'

SELECT code, value FROM `ectwfxdb`.`ecs_shop_config` WHERE parent_id > 0

SELECT role_id, role_name, action_list, role_describe FROM `ectwfxdb`.`ecs_role` ORDER BY role_id DESC

DELETE FROM `ectwfxdb`.`ecs_sessions_data` WHERE expiry < 1495705813

SELECT userid, adminid, user_name, user_rank, discount, email, data, expiry FROM `ectwfxdb`.`ecs_sessions` WHERE sesskey = '5c4e6664c0233c7fb328b1f7acba94c5'

SELECT code, value FROM `ectwfxdb`.`ecs_shop_config` WHERE parent_id > 0

SELECT COUNT(*) FROM `ectwfxdb`.`ecs_agency`

SELECT * FROM `ectwfxdb`.`ecs_agency` ORDER BY agency_id DESC LIMIT 15

SELECT userid, adminid, user_name, user_rank, discount, email, data, expiry FROM `ectwfxdb`.`ecs_sessions` WHERE sesskey = '5c4e6664c0233c7fb328b1f7acba94c5'

SELECT code, value FROM `ectwfxdb`.`ecs_shop_config` WHERE parent_id > 0

SELECT COUNT(*) FROM `ectwfxdb`.`ecs_suppliers`WHERE 1 

SELECT suppliers_id, suppliers_name, suppliers_desc, is_check
                FROM `ectwfxdb`.`ecs_suppliers`
                WHERE 1 
                ORDER BY suppliers_id ASC
                LIMIT 0, 15 

SELECT userid, adminid, user_name, user_rank, discount, email, data, expiry FROM `ectwfxdb`.`ecs_sessions` WHERE sesskey = 'b0933a69a63be0a761d5695dc33faf42'

SELECT code, value FROM `ectwfxdb`.`ecs_shop_config` WHERE parent_id > 0

SELECT COUNT(*) FROM `ectwfxdb`.`ecs_order_info` WHERE add_time >= '1495678738'

SELECT COUNT(*) FROM `ectwfxdb`.`ecs_order_info` WHERE pay_time >= 1495678738

UPDATE `ectwfxdb`.`ecs_sessions` SET expiry = '1495707718', ip = '127.0.0.1', userid = '0', adminid = '1', user_name='0', user_rank='0', discount='0', email='0', data = 'a:5:{s:10:\"admin_name\";s:5:\"admin\";s:11:\"action_list\";s:3:\"all\";s:10:\"last_check\";i:1495678918;s:12:\"suppliers_id\";s:1:\"0\";s:9:\"user_list\";a:0:{}}' WHERE sesskey = 'b0933a69a63be0a761d5695dc33faf42' LIMIT 1

DELETE FROM `ectwfxdb`.`ecs_sessions` WHERE expiry < 1495705918

SELECT userid, adminid, user_name, user_rank, discount, email, data, expiry FROM `ectwfxdb`.`ecs_sessions` WHERE sesskey = '5c4e6664c0233c7fb328b1f7acba94c5'

SELECT code, value FROM `ectwfxdb`.`ecs_shop_config` WHERE parent_id > 0

SELECT COUNT(*) FROM `ectwfxdb`.`ecs_order_info` WHERE add_time >= '1495678667'

SELECT COUNT(*) FROM `ectwfxdb`.`ecs_order_info` WHERE pay_time >= 1495678667

UPDATE `ectwfxdb`.`ecs_sessions` SET expiry = '1495707798', ip = '0.0.0.0', userid = '0', adminid = '1', user_name='0', user_rank='0', discount='0', email='0', data = 'a:4:{s:10:\"admin_name\";s:5:\"admin\";s:11:\"action_list\";s:3:\"all\";s:10:\"last_check\";i:1495678998;s:12:\"suppliers_id\";s:1:\"0\";}' WHERE sesskey = '5c4e6664c0233c7fb328b1f7acba94c5' LIMIT 1

DELETE FROM `ectwfxdb`.`ecs_sessions_data` WHERE expiry < 1495705998

DELETE FROM `ectwfxdb`.`ecs_sessions` WHERE expiry < 1495705998

SELECT userid, adminid, user_name, user_rank, discount, email, data, expiry FROM `ectwfxdb`.`ecs_sessions` WHERE sesskey = 'b0933a69a63be0a761d5695dc33faf42'

SELECT code, value FROM `ectwfxdb`.`ecs_shop_config` WHERE parent_id > 0

SELECT COUNT(*) FROM `ectwfxdb`.`ecs_order_info` WHERE add_time >= '1495678918'

SELECT COUNT(*) FROM `ectwfxdb`.`ecs_order_info` WHERE pay_time >= 1495678918

UPDATE `ectwfxdb`.`ecs_sessions` SET expiry = '1495707898', ip = '127.0.0.1', userid = '0', adminid = '1', user_name='0', user_rank='0', discount='0', email='0', data = 'a:5:{s:10:\"admin_name\";s:5:\"admin\";s:11:\"action_list\";s:3:\"all\";s:10:\"last_check\";i:1495679098;s:12:\"suppliers_id\";s:1:\"0\";s:9:\"user_list\";a:0:{}}' WHERE sesskey = 'b0933a69a63be0a761d5695dc33faf42' LIMIT 1

DELETE FROM `ectwfxdb`.`ecs_sessions_data` WHERE expiry < 1495706098

DELETE FROM `ectwfxdb`.`ecs_sessions` WHERE expiry < 1495706098

