INSERT INTO `ectwfxdb`.`ecs_sessions` (sesskey, expiry, ip, data) VALUES ('260c5a2cc7c56e915233c096f7ea63d3', '1492685040', '0.0.0.0', 'a:0:{}')

SELECT code, value FROM `ectwfxdb`.`ecs_shop_config` WHERE parent_id > 0

UPDATE `ectwfxdb`.`ecs_sessions` SET expiry = '1492685040', ip = '0.0.0.0', userid = '0', adminid = '0', user_name='0', user_rank='0', discount='0', email='0', data = 'a:0:{}' WHERE sesskey = '260c5a2cc7c56e915233c096f7ea63d3' LIMIT 1

DELETE FROM `ectwfxdb`.`ecs_sessions` WHERE expiry < 1492683240

SELECT userid, adminid, user_name, user_rank, discount, email, data, expiry FROM `ectwfxdb`.`ecs_sessions` WHERE sesskey = '260c5a2cc7c56e915233c096f7ea63d3'

SELECT code, value FROM `ectwfxdb`.`ecs_shop_config` WHERE parent_id > 0

DELETE FROM `ectwfxdb`.`ecs_sessions_data` WHERE expiry < 1492683240

DELETE FROM `ectwfxdb`.`ecs_sessions` WHERE expiry < 1492683240

SELECT userid, adminid, user_name, user_rank, discount, email, data, expiry FROM `ectwfxdb`.`ecs_sessions` WHERE sesskey = '260c5a2cc7c56e915233c096f7ea63d3'

SELECT code, value FROM `ectwfxdb`.`ecs_shop_config` WHERE parent_id > 0

SELECT `ec_salt` FROM `ectwfxdb`.`ecs_admin_user`WHERE user_name = 'admin'

SELECT user_id, user_name, password, last_login, action_list, last_login,suppliers_id,ec_salt FROM `ectwfxdb`.`ecs_admin_user` WHERE user_name = 'admin' AND password = '4a5a006bc05260e8ecdb5cdf13f3a406'

UPDATE `ectwfxdb`.`ecs_admin_user` SET last_login='1492656248', last_ip='0.0.0.0' WHERE user_id='1'

SELECT DISTINCT session_id FROM `ectwfxdb`.`ecs_cart` AS c, `ectwfxdb`.`ecs_sessions` AS s WHERE c.session_id = s.sesskey 

DELETE FROM `ectwfxdb`.`ecs_cart` WHERE session_id NOT  IN ('') 

UPDATE `ectwfxdb`.`ecs_sessions` SET expiry = '1492685048', ip = '0.0.0.0', userid = '0', adminid = '1', user_name='0', user_rank='0', discount='0', email='0', data = 'a:4:{s:10:\"admin_name\";s:5:\"admin\";s:11:\"action_list\";s:3:\"all\";s:10:\"last_check\";s:10:\"1491534444\";s:12:\"suppliers_id\";s:1:\"0\";}' WHERE sesskey = '260c5a2cc7c56e915233c096f7ea63d3' LIMIT 1

DELETE FROM `ectwfxdb`.`ecs_sessions` WHERE expiry < 1492683248

SELECT userid, adminid, user_name, user_rank, discount, email, data, expiry FROM `ectwfxdb`.`ecs_sessions` WHERE sesskey = '260c5a2cc7c56e915233c096f7ea63d3'

SELECT code, value FROM `ectwfxdb`.`ecs_shop_config` WHERE parent_id > 0

DELETE FROM `ectwfxdb`.`ecs_sessions` WHERE expiry < 1492683248

SELECT userid, adminid, user_name, user_rank, discount, email, data, expiry FROM `ectwfxdb`.`ecs_sessions` WHERE sesskey = '260c5a2cc7c56e915233c096f7ea63d3'

SELECT code, value FROM `ectwfxdb`.`ecs_shop_config` WHERE parent_id > 0

SELECT message_id, sender_id, receiver_id, sent_time, readed, deleted, title, message, user_name FROM `ectwfxdb`.`ecs_admin_message` AS a, `ectwfxdb`.`ecs_admin_user` AS b WHERE a.sender_id = b.user_id AND a.receiver_id = '1' AND a.readed = 0 AND deleted = 0 ORDER BY a.sent_time DESC

SELECT pay_id, is_cod FROM `ectwfxdb`.`ecs_payment` WHERE enabled = 1

SELECT COUNT(*) FROM `ectwfxdb`.`ecs_order_info` WHERE 1  AND order_status  IN ('1','5')  AND shipping_status  IN ('1','2')  AND pay_status  IN ('2','1')  

SELECT pay_id FROM `ectwfxdb`.`ecs_payment` WHERE is_cod = 1

SELECT COUNT(*) FROM `ectwfxdb`.`ecs_order_info` WHERE 1  AND   order_status  IN ('1','5','6')  AND   shipping_status  IN ('0','3','5')  AND ( pay_status  IN ('2','1')  OR pay_id  IN ('') ) 

SELECT pay_id FROM `ectwfxdb`.`ecs_payment` WHERE is_cod = 0

SELECT COUNT(*) FROM `ectwfxdb`.`ecs_order_info` WHERE 1  AND   order_status  IN ('1','5')  AND   pay_status = '0' AND ( shipping_status  IN ('1','2')  OR pay_id  IN ('1') ) 

SELECT COUNT(*) FROM `ectwfxdb`.`ecs_order_info` WHERE 1  AND order_status = '0' 

SELECT COUNT(*) FROM `ectwfxdb`.`ecs_order_info` WHERE  shipping_status=4

SELECT COUNT(*) AS oCount, IFNULL(SUM(order_amount), 0) AS oAmount FROM `ectwfxdb`.`ecs_order_info`

SELECT COUNT(*) FROM `ectwfxdb`.`ecs_goods` WHERE is_delete = 0 AND is_alone_sale = 1 AND is_real = 1

SELECT COUNT(*) FROM `ectwfxdb`.`ecs_goods` WHERE is_delete = 0 AND is_alone_sale = 1 AND is_real=0 AND extension_code='virtual_card'

SELECT COUNT(*) FROM `ectwfxdb`.`ecs_goods` WHERE is_delete = 0 AND is_new = 1 AND is_real = 1

SELECT COUNT(*) FROM `ectwfxdb`.`ecs_goods` WHERE is_delete = 0 AND is_new = 1 AND is_real=0 AND extension_code='virtual_card'

SELECT COUNT(*) FROM `ectwfxdb`.`ecs_goods` WHERE is_delete = 0 AND is_best = 1 AND is_real = 1

SELECT COUNT(*) FROM `ectwfxdb`.`ecs_goods` WHERE is_delete = 0 AND is_best = 1 AND is_real=0 AND extension_code='virtual_card'

SELECT COUNT(*) FROM `ectwfxdb`.`ecs_goods` WHERE is_delete = 0 AND is_hot = 1 AND is_real = 1

SELECT COUNT(*) FROM `ectwfxdb`.`ecs_goods` WHERE is_delete = 0 AND is_hot = 1 AND is_real=0 AND extension_code='virtual_card'

SELECT COUNT(*) FROM `ectwfxdb`.`ecs_goods` WHERE is_delete = 0 AND promote_price>0 AND promote_start_date <= '1492656248' AND promote_end_date >= '1492656248' AND is_real = 1

SELECT COUNT(*) FROM `ectwfxdb`.`ecs_goods` WHERE is_delete = 0 AND promote_price>0 AND promote_start_date <= '1492656248' AND promote_end_date >= '1492656248' AND is_real=0 AND extension_code='virtual_card'

SELECT COUNT(*) FROM `ectwfxdb`.`ecs_goods` WHERE is_delete = 0 AND goods_number <= warn_number AND is_real = 1

SELECT COUNT(*) FROM `ectwfxdb`.`ecs_goods` WHERE is_delete = 0 AND goods_number <= warn_number AND is_real=0 AND extension_code='virtual_card'

SELECT COUNT(*) FROM `ectwfxdb`.`ecs_stats` WHERE access_time > 1492588800

SELECT count(*) FROM `ectwfxdb`.`ecs_sessions`

SELECT COUNT(f.msg_id) FROM `ectwfxdb`.`ecs_feedback` AS f LEFT JOIN `ectwfxdb`.`ecs_feedback` AS r ON r.parent_id=f.msg_id WHERE f.parent_id=0 AND ISNULL(r.msg_id) 

SELECT COUNT(*) FROM `ectwfxdb`.`ecs_comment` WHERE status = 0 AND parent_id = 0

SELECT COUNT(*) FROM `ectwfxdb`.`ecs_booking_goods` WHERE is_dispose = 0

SELECT COUNT(*) FROM `ectwfxdb`.`ecs_user_account` WHERE process_type = 1 AND is_paid = 0 

SELECT userid, adminid, user_name, user_rank, discount, email, data, expiry FROM `ectwfxdb`.`ecs_sessions` WHERE sesskey = '260c5a2cc7c56e915233c096f7ea63d3'

SELECT code, value FROM `ectwfxdb`.`ecs_shop_config` WHERE parent_id > 0

SELECT COUNT(*) AS oCount, IFNULL(SUM(order_amount), 0) AS oAmount FROM `ectwfxdb`.`ecs_order_info`

SELECT COUNT(*) FROM `ectwfxdb`.`ecs_goods` WHERE is_delete = 0 AND is_alone_sale = 1 AND is_real = 1

SELECT COUNT(*) FROM `ectwfxdb`.`ecs_users`

SELECT value FROM `ectwfxdb`.`ecs_shop_config` WHERE code = 'template'

SELECT value FROM `ectwfxdb`.`ecs_shop_config` WHERE code = 'stylename'

SELECT userid, adminid, user_name, user_rank, discount, email, data, expiry FROM `ectwfxdb`.`ecs_sessions` WHERE sesskey = '260c5a2cc7c56e915233c096f7ea63d3'

SELECT code, value FROM `ectwfxdb`.`ecs_shop_config` WHERE parent_id > 0

SELECT COUNT(*) FROM `ectwfxdb`.`ecs_order_info` WHERE add_time >= '1491534444'

SELECT COUNT(*) FROM `ectwfxdb`.`ecs_order_info` WHERE pay_time >= 1491534444

UPDATE `ectwfxdb`.`ecs_sessions` SET expiry = '1492685050', ip = '0.0.0.0', userid = '0', adminid = '1', user_name='0', user_rank='0', discount='0', email='0', data = 'a:4:{s:10:\"admin_name\";s:5:\"admin\";s:11:\"action_list\";s:3:\"all\";s:10:\"last_check\";i:1492656250;s:12:\"suppliers_id\";s:1:\"0\";}' WHERE sesskey = '260c5a2cc7c56e915233c096f7ea63d3' LIMIT 1

DELETE FROM `ectwfxdb`.`ecs_sessions_data` WHERE expiry < 1492683250

DELETE FROM `ectwfxdb`.`ecs_sessions` WHERE expiry < 1492683250

DELETE FROM `ectwfxdb`.`ecs_sessions_data` WHERE expiry < 1492683252

DELETE FROM `ectwfxdb`.`ecs_sessions` WHERE expiry < 1492683252

SELECT userid, adminid, user_name, user_rank, discount, email, data, expiry FROM `ectwfxdb`.`ecs_sessions` WHERE sesskey = '260c5a2cc7c56e915233c096f7ea63d3'

SELECT code, value FROM `ectwfxdb`.`ecs_shop_config` WHERE parent_id > 0

SELECT * FROM `ectwfxdb`.`ecs_drp_config`

SELECT userid, adminid, user_name, user_rank, discount, email, data, expiry FROM `ectwfxdb`.`ecs_sessions` WHERE sesskey = '260c5a2cc7c56e915233c096f7ea63d3'

SELECT code, value FROM `ectwfxdb`.`ecs_shop_config` WHERE parent_id > 0

SELECT COUNT(*) FROM `ectwfxdb`.`ecs_drp_shop` where `audit` = "1" 

SELECT s1.* ,(select sum(l.user_money) from `ectwfxdb`.`ecs_drp_log` as l join `ectwfxdb`.`ecs_drp_shop` as s on l.user_id=s.user_id where s.user_id=s1.user_id and l.user_money > 0 and l.status=1 ) as sale_money ,(select sum(o.goods_amount) from `ectwfxdb`.`ecs_order_info` as o left join `ectwfxdb`.`ecs_drp_log` as l on o.order_id = l.order_id left join`ectwfxdb`.`ecs_drp_order_info` as d on o.order_id = d.order_id where d.drp_id = s1.id and o.pay_status=2 ) as sales_volume FROM `ectwfxdb`.`ecs_drp_shop` as s1 where s1.`audit` = '1' ORDER BY sale_money DESC LIMIT 15

SELECT userid, adminid, user_name, user_rank, discount, email, data, expiry FROM `ectwfxdb`.`ecs_sessions` WHERE sesskey = '260c5a2cc7c56e915233c096f7ea63d3'

SELECT code, value FROM `ectwfxdb`.`ecs_shop_config` WHERE parent_id > 0

UPDATE `ectwfxdb`.`ecs_sessions` SET expiry = '1492685064', ip = '0.0.0.0', userid = '0', adminid = '1', user_name='0', user_rank='0', discount='0', email='0', data = 'a:4:{s:10:\"admin_name\";s:5:\"admin\";s:11:\"action_list\";s:3:\"all\";s:10:\"last_check\";i:1492656250;s:12:\"suppliers_id\";s:1:\"0\";}' WHERE sesskey = '260c5a2cc7c56e915233c096f7ea63d3' LIMIT 1

DELETE FROM `ectwfxdb`.`ecs_sessions` WHERE expiry < 1492683264

SELECT userid, adminid, user_name, user_rank, discount, email, data, expiry FROM `ectwfxdb`.`ecs_sessions` WHERE sesskey = '260c5a2cc7c56e915233c096f7ea63d3'

SELECT code, value FROM `ectwfxdb`.`ecs_shop_config` WHERE parent_id > 0

UPDATE `ectwfxdb`.`ecs_sessions` SET expiry = '1492686460', ip = '0.0.0.0', userid = '0', adminid = '1', user_name='0', user_rank='0', discount='0', email='0', data = 'a:4:{s:10:\"admin_name\";s:5:\"admin\";s:11:\"action_list\";s:3:\"all\";s:10:\"last_check\";i:1492656250;s:12:\"suppliers_id\";s:1:\"0\";}' WHERE sesskey = '260c5a2cc7c56e915233c096f7ea63d3' LIMIT 1

DELETE FROM `ectwfxdb`.`ecs_sessions` WHERE expiry < 1492684660

SELECT userid, adminid, user_name, user_rank, discount, email, data, expiry FROM `ectwfxdb`.`ecs_sessions` WHERE sesskey = '260c5a2cc7c56e915233c096f7ea63d3'

SELECT code, value FROM `ectwfxdb`.`ecs_shop_config` WHERE parent_id > 0

SELECT COUNT(*) FROM `ectwfxdb`.`ecs_order_info` as o join `ectwfxdb`.`ecs_drp_order_info` as d on d.order_id=o.order_id WHERE d.drp_id > 0  and  d.shop_separate = 0

SELECT o.*,d.drp_id as drp FROM `ectwfxdb`.`ecs_order_info` as o join `ectwfxdb`.`ecs_drp_order_info` as d on d.order_id=o.order_id WHERE d.drp_id > 0 and  d.shop_separate = 0  ORDER BY order_id DESC LIMIT 15

select value from `ectwfxdb`.`ecs_drp_config` where keyword = 'fxts'

SELECT userid, adminid, user_name, user_rank, discount, email, data, expiry FROM `ectwfxdb`.`ecs_sessions` WHERE sesskey = '260c5a2cc7c56e915233c096f7ea63d3'

SELECT code, value FROM `ectwfxdb`.`ecs_shop_config` WHERE parent_id > 0

SELECT COUNT(*) FROM `ectwfxdb`.`ecs_order_info` WHERE add_time >= '1492656250'

SELECT COUNT(*) FROM `ectwfxdb`.`ecs_order_info` WHERE pay_time >= 1492656250

UPDATE `ectwfxdb`.`ecs_sessions` SET expiry = '1492686461', ip = '0.0.0.0', userid = '0', adminid = '1', user_name='0', user_rank='0', discount='0', email='0', data = 'a:4:{s:10:\"admin_name\";s:5:\"admin\";s:11:\"action_list\";s:3:\"all\";s:10:\"last_check\";i:1492657661;s:12:\"suppliers_id\";s:1:\"0\";}' WHERE sesskey = '260c5a2cc7c56e915233c096f7ea63d3' LIMIT 1

SELECT userid, adminid, user_name, user_rank, discount, email, data, expiry FROM `ectwfxdb`.`ecs_sessions` WHERE sesskey = '260c5a2cc7c56e915233c096f7ea63d3'

SELECT code, value FROM `ectwfxdb`.`ecs_shop_config` WHERE parent_id > 0

SELECT COUNT(*) FROM `ectwfxdb`.`ecs_order_info` as o join `ectwfxdb`.`ecs_drp_order_info` as d on d.order_id=o.order_id WHERE d.drp_id > 0  and  d.shop_separate = 1

SELECT o.*,d.drp_id as drp FROM `ectwfxdb`.`ecs_order_info` as o join `ectwfxdb`.`ecs_drp_order_info` as d on d.order_id=o.order_id WHERE d.drp_id > 0 and  d.shop_separate = 1  ORDER BY order_id DESC LIMIT 15

select value from `ectwfxdb`.`ecs_drp_config` where keyword = 'fxts'

UPDATE `ectwfxdb`.`ecs_sessions` SET expiry = '1492686473', ip = '0.0.0.0', userid = '0', adminid = '1', user_name='0', user_rank='0', discount='0', email='0', data = 'a:4:{s:10:\"admin_name\";s:5:\"admin\";s:11:\"action_list\";s:3:\"all\";s:10:\"last_check\";i:1492657661;s:12:\"suppliers_id\";s:1:\"0\";}' WHERE sesskey = '260c5a2cc7c56e915233c096f7ea63d3' LIMIT 1

SELECT userid, adminid, user_name, user_rank, discount, email, data, expiry FROM `ectwfxdb`.`ecs_sessions` WHERE sesskey = '260c5a2cc7c56e915233c096f7ea63d3'

SELECT code, value FROM `ectwfxdb`.`ecs_shop_config` WHERE parent_id > 0

SELECT COUNT(*) FROM `ectwfxdb`.`ecs_order_info` as o join `ectwfxdb`.`ecs_drp_order_info` as d on d.order_id=o.order_id WHERE d.drp_id > 0  and  d.shop_separate = 0

SELECT o.*,d.drp_id as drp FROM `ectwfxdb`.`ecs_order_info` as o join `ectwfxdb`.`ecs_drp_order_info` as d on d.order_id=o.order_id WHERE d.drp_id > 0 and  d.shop_separate = 0  ORDER BY order_id DESC LIMIT 15

select value from `ectwfxdb`.`ecs_drp_config` where keyword = 'fxts'

DELETE FROM `ectwfxdb`.`ecs_sessions_data` WHERE expiry < 1492684681

SELECT userid, adminid, user_name, user_rank, discount, email, data, expiry FROM `ectwfxdb`.`ecs_sessions` WHERE sesskey = '260c5a2cc7c56e915233c096f7ea63d3'

SELECT code, value FROM `ectwfxdb`.`ecs_shop_config` WHERE parent_id > 0

SELECT COUNT(*) FROM `ectwfxdb`.`ecs_order_info` as o join `ectwfxdb`.`ecs_drp_order_info` as d on d.order_id=o.order_id WHERE d.drp_id > 0  and  d.shop_separate = 0

SELECT o.*,d.drp_id as drp FROM `ectwfxdb`.`ecs_order_info` as o join `ectwfxdb`.`ecs_drp_order_info` as d on d.order_id=o.order_id WHERE d.drp_id > 0 and  d.shop_separate = 0  ORDER BY order_id DESC LIMIT 15

select value from `ectwfxdb`.`ecs_drp_config` where keyword = 'fxts'

UPDATE `ectwfxdb`.`ecs_sessions` SET expiry = '1492686491', ip = '0.0.0.0', userid = '0', adminid = '1', user_name='0', user_rank='0', discount='0', email='0', data = 'a:4:{s:10:\"admin_name\";s:5:\"admin\";s:11:\"action_list\";s:3:\"all\";s:10:\"last_check\";i:1492657661;s:12:\"suppliers_id\";s:1:\"0\";}' WHERE sesskey = '260c5a2cc7c56e915233c096f7ea63d3' LIMIT 1

DELETE FROM `ectwfxdb`.`ecs_sessions_data` WHERE expiry < 1492684691

SELECT userid, adminid, user_name, user_rank, discount, email, data, expiry FROM `ectwfxdb`.`ecs_sessions` WHERE sesskey = '260c5a2cc7c56e915233c096f7ea63d3'

SELECT code, value FROM `ectwfxdb`.`ecs_shop_config` WHERE parent_id > 0

SELECT COUNT(*) FROM `ectwfxdb`.`ecs_order_info` as o join `ectwfxdb`.`ecs_drp_order_info` as d on d.order_id=o.order_id WHERE d.drp_id > 0  and  d.shop_separate = 0

SELECT o.*,d.drp_id as drp FROM `ectwfxdb`.`ecs_order_info` as o join `ectwfxdb`.`ecs_drp_order_info` as d on d.order_id=o.order_id WHERE d.drp_id > 0 and  d.shop_separate = 0  ORDER BY order_id DESC LIMIT 15

select value from `ectwfxdb`.`ecs_drp_config` where keyword = 'fxts'

SELECT userid, adminid, user_name, user_rank, discount, email, data, expiry FROM `ectwfxdb`.`ecs_sessions` WHERE sesskey = '260c5a2cc7c56e915233c096f7ea63d3'

SELECT code, value FROM `ectwfxdb`.`ecs_shop_config` WHERE parent_id > 0

SELECT COUNT(*) FROM `ectwfxdb`.`ecs_order_info` as o join `ectwfxdb`.`ecs_drp_order_info` as d on d.order_id=o.order_id WHERE d.drp_id > 0  and  d.shop_separate = 1

SELECT o.*,d.drp_id as drp FROM `ectwfxdb`.`ecs_order_info` as o join `ectwfxdb`.`ecs_drp_order_info` as d on d.order_id=o.order_id WHERE d.drp_id > 0 and  d.shop_separate = 1  ORDER BY order_id DESC LIMIT 15

select value from `ectwfxdb`.`ecs_drp_config` where keyword = 'fxts'

DELETE FROM `ectwfxdb`.`ecs_sessions_data` WHERE expiry < 1492684700

DELETE FROM `ectwfxdb`.`ecs_sessions` WHERE expiry < 1492684700

SELECT userid, adminid, user_name, user_rank, discount, email, data, expiry FROM `ectwfxdb`.`ecs_sessions` WHERE sesskey = '260c5a2cc7c56e915233c096f7ea63d3'

SELECT code, value FROM `ectwfxdb`.`ecs_shop_config` WHERE parent_id > 0

UPDATE `ectwfxdb`.`ecs_sessions` SET expiry = '1492686512', ip = '0.0.0.0', userid = '0', adminid = '1', user_name='0', user_rank='0', discount='0', email='0', data = 'a:4:{s:10:\"admin_name\";s:5:\"admin\";s:11:\"action_list\";s:3:\"all\";s:10:\"last_check\";i:1492657661;s:12:\"suppliers_id\";s:1:\"0\";}' WHERE sesskey = '260c5a2cc7c56e915233c096f7ea63d3' LIMIT 1

DELETE FROM `ectwfxdb`.`ecs_sessions` WHERE expiry < 1492684712

SELECT userid, adminid, user_name, user_rank, discount, email, data, expiry FROM `ectwfxdb`.`ecs_sessions` WHERE sesskey = '260c5a2cc7c56e915233c096f7ea63d3'

SELECT code, value FROM `ectwfxdb`.`ecs_shop_config` WHERE parent_id > 0

SELECT COUNT(*) FROM `ectwfxdb`.`ecs_order_info` as o join `ectwfxdb`.`ecs_drp_order_info` as d on d.order_id=o.order_id WHERE d.drp_id > 0  and  d.shop_separate = 0

SELECT o.*,d.drp_id as drp FROM `ectwfxdb`.`ecs_order_info` as o join `ectwfxdb`.`ecs_drp_order_info` as d on d.order_id=o.order_id WHERE d.drp_id > 0 and  d.shop_separate = 0  ORDER BY order_id DESC LIMIT 15

select value from `ectwfxdb`.`ecs_drp_config` where keyword = 'fxts'

SELECT userid, adminid, user_name, user_rank, discount, email, data, expiry FROM `ectwfxdb`.`ecs_sessions` WHERE sesskey = '260c5a2cc7c56e915233c096f7ea63d3'

SELECT code, value FROM `ectwfxdb`.`ecs_shop_config` WHERE parent_id > 0

DELETE FROM `ectwfxdb`.`ecs_sessions` WHERE expiry < 1492684714

SELECT userid, adminid, user_name, user_rank, discount, email, data, expiry FROM `ectwfxdb`.`ecs_sessions` WHERE sesskey = '260c5a2cc7c56e915233c096f7ea63d3'

SELECT code, value FROM `ectwfxdb`.`ecs_shop_config` WHERE parent_id > 0

SELECT COUNT(*) FROM `ectwfxdb`.`ecs_order_info` as o join `ectwfxdb`.`ecs_drp_order_info` as d on d.order_id=o.order_id WHERE d.drp_id > 0  and  d.shop_separate = 0

SELECT o.*,d.drp_id as drp FROM `ectwfxdb`.`ecs_order_info` as o join `ectwfxdb`.`ecs_drp_order_info` as d on d.order_id=o.order_id WHERE d.drp_id > 0 and  d.shop_separate = 0  ORDER BY order_id DESC LIMIT 15

select value from `ectwfxdb`.`ecs_drp_config` where keyword = 'fxts'

DELETE FROM `ectwfxdb`.`ecs_sessions` WHERE expiry < 1492684716

SELECT userid, adminid, user_name, user_rank, discount, email, data, expiry FROM `ectwfxdb`.`ecs_sessions` WHERE sesskey = '260c5a2cc7c56e915233c096f7ea63d3'

SELECT code, value FROM `ectwfxdb`.`ecs_shop_config` WHERE parent_id > 0

SELECT COUNT(*) FROM `ectwfxdb`.`ecs_order_info` as o join `ectwfxdb`.`ecs_drp_order_info` as d on d.order_id=o.order_id WHERE d.drp_id > 0  and  d.shop_separate = 1

SELECT o.*,d.drp_id as drp FROM `ectwfxdb`.`ecs_order_info` as o join `ectwfxdb`.`ecs_drp_order_info` as d on d.order_id=o.order_id WHERE d.drp_id > 0 and  d.shop_separate = 1  ORDER BY order_id DESC LIMIT 15

select value from `ectwfxdb`.`ecs_drp_config` where keyword = 'fxts'

UPDATE `ectwfxdb`.`ecs_sessions` SET expiry = '1492686556', ip = '0.0.0.0', userid = '0', adminid = '1', user_name='0', user_rank='0', discount='0', email='0', data = 'a:4:{s:10:\"admin_name\";s:5:\"admin\";s:11:\"action_list\";s:3:\"all\";s:10:\"last_check\";i:1492657661;s:12:\"suppliers_id\";s:1:\"0\";}' WHERE sesskey = '260c5a2cc7c56e915233c096f7ea63d3' LIMIT 1

DELETE FROM `ectwfxdb`.`ecs_sessions` WHERE expiry < 1492684756

SELECT userid, adminid, user_name, user_rank, discount, email, data, expiry FROM `ectwfxdb`.`ecs_sessions` WHERE sesskey = '260c5a2cc7c56e915233c096f7ea63d3'

SELECT code, value FROM `ectwfxdb`.`ecs_shop_config` WHERE parent_id > 0

SELECT COUNT(*) FROM `ectwfxdb`.`ecs_order_info` as o join `ectwfxdb`.`ecs_drp_order_info` as d on d.order_id=o.order_id WHERE d.drp_id > 0  and  d.shop_separate = 1

SELECT o.*,d.drp_id as drp FROM `ectwfxdb`.`ecs_order_info` as o join `ectwfxdb`.`ecs_drp_order_info` as d on d.order_id=o.order_id WHERE d.drp_id > 0 and  d.shop_separate = 1  ORDER BY order_id DESC LIMIT 15

select value from `ectwfxdb`.`ecs_drp_config` where keyword = 'fxts'

UPDATE `ectwfxdb`.`ecs_sessions` SET expiry = '1492686568', ip = '0.0.0.0', userid = '0', adminid = '1', user_name='0', user_rank='0', discount='0', email='0', data = 'a:4:{s:10:\"admin_name\";s:5:\"admin\";s:11:\"action_list\";s:3:\"all\";s:10:\"last_check\";i:1492657661;s:12:\"suppliers_id\";s:1:\"0\";}' WHERE sesskey = '260c5a2cc7c56e915233c096f7ea63d3' LIMIT 1

DELETE FROM `ectwfxdb`.`ecs_sessions` WHERE expiry < 1492684768

SELECT userid, adminid, user_name, user_rank, discount, email, data, expiry FROM `ectwfxdb`.`ecs_sessions` WHERE sesskey = '260c5a2cc7c56e915233c096f7ea63d3'

SELECT code, value FROM `ectwfxdb`.`ecs_shop_config` WHERE parent_id > 0

UPDATE `ectwfxdb`.`ecs_sessions` SET expiry = '1492686638', ip = '0.0.0.0', userid = '0', adminid = '1', user_name='0', user_rank='0', discount='0', email='0', data = 'a:4:{s:10:\"admin_name\";s:5:\"admin\";s:11:\"action_list\";s:3:\"all\";s:10:\"last_check\";i:1492657661;s:12:\"suppliers_id\";s:1:\"0\";}' WHERE sesskey = '260c5a2cc7c56e915233c096f7ea63d3' LIMIT 1

DELETE FROM `ectwfxdb`.`ecs_sessions` WHERE expiry < 1492684838

SELECT userid, adminid, user_name, user_rank, discount, email, data, expiry FROM `ectwfxdb`.`ecs_sessions` WHERE sesskey = '260c5a2cc7c56e915233c096f7ea63d3'

SELECT code, value FROM `ectwfxdb`.`ecs_shop_config` WHERE parent_id > 0

SELECT userid, adminid, user_name, user_rank, discount, email, data, expiry FROM `ectwfxdb`.`ecs_sessions` WHERE sesskey = '260c5a2cc7c56e915233c096f7ea63d3'

SELECT code, value FROM `ectwfxdb`.`ecs_shop_config` WHERE parent_id > 0

SELECT COUNT(*) FROM `ectwfxdb`.`ecs_order_info` as o join `ectwfxdb`.`ecs_drp_order_info` as d on d.order_id=o.order_id WHERE d.drp_id > 0  and  d.shop_separate = 1

SELECT o.*,d.drp_id as drp FROM `ectwfxdb`.`ecs_order_info` as o join `ectwfxdb`.`ecs_drp_order_info` as d on d.order_id=o.order_id WHERE d.drp_id > 0 and  d.shop_separate = 1  ORDER BY order_id DESC LIMIT 15

select value from `ectwfxdb`.`ecs_drp_config` where keyword = 'fxts'

DELETE FROM `ectwfxdb`.`ecs_sessions_data` WHERE expiry < 1492684843

SELECT userid, adminid, user_name, user_rank, discount, email, data, expiry FROM `ectwfxdb`.`ecs_sessions` WHERE sesskey = '260c5a2cc7c56e915233c096f7ea63d3'

SELECT code, value FROM `ectwfxdb`.`ecs_shop_config` WHERE parent_id > 0

SELECT COUNT(*) FROM `ectwfxdb`.`ecs_order_info` WHERE add_time >= '1492657661'

SELECT COUNT(*) FROM `ectwfxdb`.`ecs_order_info` WHERE pay_time >= 1492657661

UPDATE `ectwfxdb`.`ecs_sessions` SET expiry = '1492686643', ip = '0.0.0.0', userid = '0', adminid = '1', user_name='0', user_rank='0', discount='0', email='0', data = 'a:4:{s:10:\"admin_name\";s:5:\"admin\";s:11:\"action_list\";s:3:\"all\";s:10:\"last_check\";i:1492657843;s:12:\"suppliers_id\";s:1:\"0\";}' WHERE sesskey = '260c5a2cc7c56e915233c096f7ea63d3' LIMIT 1

SELECT userid, adminid, user_name, user_rank, discount, email, data, expiry FROM `ectwfxdb`.`ecs_sessions` WHERE sesskey = '260c5a2cc7c56e915233c096f7ea63d3'

SELECT code, value FROM `ectwfxdb`.`ecs_shop_config` WHERE parent_id > 0

DELETE FROM `ectwfxdb`.`ecs_sessions` WHERE expiry < 1492684852

SELECT userid, adminid, user_name, user_rank, discount, email, data, expiry FROM `ectwfxdb`.`ecs_sessions` WHERE sesskey = '260c5a2cc7c56e915233c096f7ea63d3'

SELECT code, value FROM `ectwfxdb`.`ecs_shop_config` WHERE parent_id > 0

SELECT COUNT(*) FROM `ectwfxdb`.`ecs_order_info` as o join `ectwfxdb`.`ecs_drp_order_info` as d on d.order_id=o.order_id WHERE d.drp_id > 0  and  d.shop_separate = 0

SELECT o.*,d.drp_id as drp FROM `ectwfxdb`.`ecs_order_info` as o join `ectwfxdb`.`ecs_drp_order_info` as d on d.order_id=o.order_id WHERE d.drp_id > 0 and  d.shop_separate = 0  ORDER BY order_id DESC LIMIT 15

select value from `ectwfxdb`.`ecs_drp_config` where keyword = 'fxts'

UPDATE `ectwfxdb`.`ecs_sessions` SET expiry = '1492686653', ip = '0.0.0.0', userid = '0', adminid = '1', user_name='0', user_rank='0', discount='0', email='0', data = 'a:4:{s:10:\"admin_name\";s:5:\"admin\";s:11:\"action_list\";s:3:\"all\";s:10:\"last_check\";i:1492657843;s:12:\"suppliers_id\";s:1:\"0\";}' WHERE sesskey = '260c5a2cc7c56e915233c096f7ea63d3' LIMIT 1

SELECT userid, adminid, user_name, user_rank, discount, email, data, expiry FROM `ectwfxdb`.`ecs_sessions` WHERE sesskey = '260c5a2cc7c56e915233c096f7ea63d3'

SELECT code, value FROM `ectwfxdb`.`ecs_shop_config` WHERE parent_id > 0

SELECT c.cat_name, c.cat_id, p.profit_id, p.cate_id, p.profit1, p.profit2, p.profit3 FROM `ectwfxdb`.`ecs_category`as c left join `ectwfxdb`.`ecs_drp_profit` as p on c.cat_id=p.cate_id WHERE parent_id= 0 and is_show = 1 ORDER BY c.sort_order ASC, c.cat_id ASC

DELETE FROM `ectwfxdb`.`ecs_sessions_data` WHERE expiry < 1492684854

DELETE FROM `ectwfxdb`.`ecs_sessions` WHERE expiry < 1492684854

SELECT userid, adminid, user_name, user_rank, discount, email, data, expiry FROM `ectwfxdb`.`ecs_sessions` WHERE sesskey = '260c5a2cc7c56e915233c096f7ea63d3'

SELECT code, value FROM `ectwfxdb`.`ecs_shop_config` WHERE parent_id > 0

SELECT COUNT(*) FROM `ectwfxdb`.`ecs_order_info` as o join `ectwfxdb`.`ecs_drp_order_info` as d on d.order_id=o.order_id WHERE d.drp_id > 0  and  d.shop_separate = 0

SELECT o.*,d.drp_id as drp FROM `ectwfxdb`.`ecs_order_info` as o join `ectwfxdb`.`ecs_drp_order_info` as d on d.order_id=o.order_id WHERE d.drp_id > 0 and  d.shop_separate = 0  ORDER BY order_id DESC LIMIT 15

select value from `ectwfxdb`.`ecs_drp_config` where keyword = 'fxts'

SELECT userid, adminid, user_name, user_rank, discount, email, data, expiry FROM `ectwfxdb`.`ecs_sessions` WHERE sesskey = '260c5a2cc7c56e915233c096f7ea63d3'

SELECT code, value FROM `ectwfxdb`.`ecs_shop_config` WHERE parent_id > 0

DELETE FROM `ectwfxdb`.`ecs_sessions_data` WHERE expiry < 1492684856

DELETE FROM `ectwfxdb`.`ecs_sessions` WHERE expiry < 1492684856

SELECT userid, adminid, user_name, user_rank, discount, email, data, expiry FROM `ectwfxdb`.`ecs_sessions` WHERE sesskey = '260c5a2cc7c56e915233c096f7ea63d3'

SELECT code, value FROM `ectwfxdb`.`ecs_shop_config` WHERE parent_id > 0

SELECT COUNT(*) FROM `ectwfxdb`.`ecs_order_info` as o join `ectwfxdb`.`ecs_drp_order_info` as d on d.order_id=o.order_id WHERE d.drp_id > 0  and  d.shop_separate = 1

SELECT o.*,d.drp_id as drp FROM `ectwfxdb`.`ecs_order_info` as o join `ectwfxdb`.`ecs_drp_order_info` as d on d.order_id=o.order_id WHERE d.drp_id > 0 and  d.shop_separate = 1  ORDER BY order_id DESC LIMIT 15

select value from `ectwfxdb`.`ecs_drp_config` where keyword = 'fxts'

DELETE FROM `ectwfxdb`.`ecs_sessions` WHERE expiry < 1492684856

SELECT userid, adminid, user_name, user_rank, discount, email, data, expiry FROM `ectwfxdb`.`ecs_sessions` WHERE sesskey = '260c5a2cc7c56e915233c096f7ea63d3'

SELECT code, value FROM `ectwfxdb`.`ecs_shop_config` WHERE parent_id > 0

SELECT COUNT(*) FROM `ectwfxdb`.`ecs_order_info` WHERE add_time >= '1492657843'

SELECT COUNT(*) FROM `ectwfxdb`.`ecs_order_info` WHERE pay_time >= 1492657843

UPDATE `ectwfxdb`.`ecs_sessions` SET expiry = '1492686837', ip = '0.0.0.0', userid = '0', adminid = '1', user_name='0', user_rank='0', discount='0', email='0', data = 'a:4:{s:10:\"admin_name\";s:5:\"admin\";s:11:\"action_list\";s:3:\"all\";s:10:\"last_check\";i:1492658037;s:12:\"suppliers_id\";s:1:\"0\";}' WHERE sesskey = '260c5a2cc7c56e915233c096f7ea63d3' LIMIT 1

DELETE FROM `ectwfxdb`.`ecs_sessions_data` WHERE expiry < 1492685037

SELECT userid, adminid, user_name, user_rank, discount, email, data, expiry FROM `ectwfxdb`.`ecs_sessions` WHERE sesskey = '260c5a2cc7c56e915233c096f7ea63d3'

SELECT code, value FROM `ectwfxdb`.`ecs_shop_config` WHERE parent_id > 0

SELECT COUNT(*) FROM `ectwfxdb`.`ecs_order_info` WHERE add_time >= '1492658037'

SELECT COUNT(*) FROM `ectwfxdb`.`ecs_order_info` WHERE pay_time >= 1492658037

UPDATE `ectwfxdb`.`ecs_sessions` SET expiry = '1492687017', ip = '0.0.0.0', userid = '0', adminid = '1', user_name='0', user_rank='0', discount='0', email='0', data = 'a:4:{s:10:\"admin_name\";s:5:\"admin\";s:11:\"action_list\";s:3:\"all\";s:10:\"last_check\";i:1492658217;s:12:\"suppliers_id\";s:1:\"0\";}' WHERE sesskey = '260c5a2cc7c56e915233c096f7ea63d3' LIMIT 1

DELETE FROM `ectwfxdb`.`ecs_sessions_data` WHERE expiry < 1492685217

SELECT userid, adminid, user_name, user_rank, discount, email, data, expiry FROM `ectwfxdb`.`ecs_sessions` WHERE sesskey = '260c5a2cc7c56e915233c096f7ea63d3'

SELECT code, value FROM `ectwfxdb`.`ecs_shop_config` WHERE parent_id > 0

SELECT COUNT(*) FROM `ectwfxdb`.`ecs_order_info` WHERE add_time >= '1492658217'

SELECT COUNT(*) FROM `ectwfxdb`.`ecs_order_info` WHERE pay_time >= 1492658217

UPDATE `ectwfxdb`.`ecs_sessions` SET expiry = '1492687197', ip = '0.0.0.0', userid = '0', adminid = '1', user_name='0', user_rank='0', discount='0', email='0', data = 'a:4:{s:10:\"admin_name\";s:5:\"admin\";s:11:\"action_list\";s:3:\"all\";s:10:\"last_check\";i:1492658397;s:12:\"suppliers_id\";s:1:\"0\";}' WHERE sesskey = '260c5a2cc7c56e915233c096f7ea63d3' LIMIT 1

SELECT userid, adminid, user_name, user_rank, discount, email, data, expiry FROM `ectwfxdb`.`ecs_sessions` WHERE sesskey = '260c5a2cc7c56e915233c096f7ea63d3'

SELECT code, value FROM `ectwfxdb`.`ecs_shop_config` WHERE parent_id > 0

SELECT COUNT(*) FROM `ectwfxdb`.`ecs_order_info` WHERE add_time >= '1492658397'

SELECT COUNT(*) FROM `ectwfxdb`.`ecs_order_info` WHERE pay_time >= 1492658397

UPDATE `ectwfxdb`.`ecs_sessions` SET expiry = '1492687377', ip = '0.0.0.0', userid = '0', adminid = '1', user_name='0', user_rank='0', discount='0', email='0', data = 'a:4:{s:10:\"admin_name\";s:5:\"admin\";s:11:\"action_list\";s:3:\"all\";s:10:\"last_check\";i:1492658577;s:12:\"suppliers_id\";s:1:\"0\";}' WHERE sesskey = '260c5a2cc7c56e915233c096f7ea63d3' LIMIT 1

SELECT userid, adminid, user_name, user_rank, discount, email, data, expiry FROM `ectwfxdb`.`ecs_sessions` WHERE sesskey = '260c5a2cc7c56e915233c096f7ea63d3'

SELECT code, value FROM `ectwfxdb`.`ecs_shop_config` WHERE parent_id > 0

SELECT COUNT(*) FROM `ectwfxdb`.`ecs_order_info` WHERE add_time >= '1492658577'

SELECT COUNT(*) FROM `ectwfxdb`.`ecs_order_info` WHERE pay_time >= 1492658577

UPDATE `ectwfxdb`.`ecs_sessions` SET expiry = '1492687558', ip = '0.0.0.0', userid = '0', adminid = '1', user_name='0', user_rank='0', discount='0', email='0', data = 'a:4:{s:10:\"admin_name\";s:5:\"admin\";s:11:\"action_list\";s:3:\"all\";s:10:\"last_check\";i:1492658758;s:12:\"suppliers_id\";s:1:\"0\";}' WHERE sesskey = '260c5a2cc7c56e915233c096f7ea63d3' LIMIT 1

DELETE FROM `ectwfxdb`.`ecs_sessions` WHERE expiry < 1492685758

SELECT userid, adminid, user_name, user_rank, discount, email, data, expiry FROM `ectwfxdb`.`ecs_sessions` WHERE sesskey = '260c5a2cc7c56e915233c096f7ea63d3'

SELECT code, value FROM `ectwfxdb`.`ecs_shop_config` WHERE parent_id > 0

SELECT COUNT(*) FROM `ectwfxdb`.`ecs_order_info` WHERE add_time >= '1492658758'

SELECT COUNT(*) FROM `ectwfxdb`.`ecs_order_info` WHERE pay_time >= 1492658758

UPDATE `ectwfxdb`.`ecs_sessions` SET expiry = '1492687737', ip = '0.0.0.0', userid = '0', adminid = '1', user_name='0', user_rank='0', discount='0', email='0', data = 'a:4:{s:10:\"admin_name\";s:5:\"admin\";s:11:\"action_list\";s:3:\"all\";s:10:\"last_check\";i:1492658937;s:12:\"suppliers_id\";s:1:\"0\";}' WHERE sesskey = '260c5a2cc7c56e915233c096f7ea63d3' LIMIT 1

